#
# There is insufficient memory for the Java Runtime Environment to continue.
# Native memory allocation (malloc) failed to allocate 136016 bytes for Chunk::new
# Possible reasons:
#   The system is out of physical RAM or swap space
#   In 32 bit mode, the process size limit was hit
# Possible solutions:
#   Reduce memory load on the system
#   Increase physical memory or swap space
#   Check if swap backing store is full
#   Use 64 bit Java on a 64 bit OS
#   Decrease Java heap size (-Xmx/-Xms)
#   Decrease number of Java threads
#   Decrease Java thread stack sizes (-Xss)
#   Set larger code cache with -XX:ReservedCodeCacheSize=
# This output file may be truncated or incomplete.
#
#  Out of Memory Error (allocation.cpp:323), pid=3244, tid=7980
#
# JRE version: Java(TM) SE Runtime Environment (7.0_79-b15) (build 1.7.0_79-b15)
# Java VM: Java HotSpot(TM) 64-Bit Server VM (24.79-b02 mixed mode windows-amd64 compressed oops)
# Failed to write core dump. Minidumps are not enabled by default on client versions of Windows
#

---------------  T H R E A D  ---------------

Current thread (0x0000000007e6b800):  JavaThread "C2 CompilerThread0" daemon [_thread_in_native, id=7980, stack(0x00000000093f0000,0x00000000094f0000)]

Stack: [0x00000000093f0000,0x00000000094f0000]

Current CompileTask:
C2:    360   14             sun.net.www.ParseUtil::encodePath (336 bytes)


---------------  P R O C E S S  ---------------

Java Threads: ( => current thread )
  0x00000000098f0800 JavaThread "pool-1-thread-4" [_thread_blocked, id=7556, stack(0x0000000009ff0000,0x000000000a0f0000)]
  0x0000000009941000 JavaThread "pool-1-thread-3" [_thread_blocked, id=4904, stack(0x0000000009ef0000,0x0000000009ff0000)]
  0x000000000993e800 JavaThread "pool-1-thread-2" [_thread_in_Java, id=736, stack(0x0000000009df0000,0x0000000009ef0000)]
  0x000000000984f000 JavaThread "pool-2-thread-1" [_thread_blocked, id=5048, stack(0x0000000009cf0000,0x0000000009df0000)]
  0x00000000098da000 JavaThread "pool-1-thread-1" [_thread_blocked, id=7912, stack(0x0000000009bf0000,0x0000000009cf0000)]
  0x0000000007e7b800 JavaThread "Service Thread" daemon [_thread_blocked, id=6032, stack(0x00000000095f0000,0x00000000096f0000)]
  0x0000000007e6d800 JavaThread "C2 CompilerThread1" daemon [_thread_blocked, id=304, stack(0x00000000094f0000,0x00000000095f0000)]
=>0x0000000007e6b800 JavaThread "C2 CompilerThread0" daemon [_thread_in_native, id=7980, stack(0x00000000093f0000,0x00000000094f0000)]
  0x0000000007e6a800 JavaThread "Attach Listener" daemon [_thread_blocked, id=976, stack(0x00000000092f0000,0x00000000093f0000)]
  0x0000000007e67800 JavaThread "Signal Dispatcher" daemon [_thread_blocked, id=6696, stack(0x00000000091f0000,0x00000000092f0000)]
  0x0000000007e2e800 JavaThread "Finalizer" daemon [_thread_blocked, id=3996, stack(0x00000000090f0000,0x00000000091f0000)]
  0x0000000007e25000 JavaThread "Reference Handler" daemon [_thread_blocked, id=6576, stack(0x0000000008ff0000,0x00000000090f0000)]
  0x0000000001ed0800 JavaThread "main" [_thread_blocked, id=7688, stack(0x0000000001d30000,0x0000000001e30000)]

Other Threads:
  0x0000000007e21000 VMThread [stack: 0x0000000008ef0000,0x0000000008ff0000] [id=7888]
  0x0000000007e8d800 WatcherThread [stack: 0x00000000096f0000,0x00000000097f0000] [id=6852]

VM state:not at safepoint (normal execution)

VM Mutex/Monitor currently owned by a thread: None

Heap
 PSYoungGen      total 38400K, used 8006K [0x00000000eaa80000, 0x00000000ed500000, 0x0000000100000000)
  eden space 33280K, 24% used [0x00000000eaa80000,0x00000000eb2518b8,0x00000000ecb00000)
  from space 5120K, 0% used [0x00000000ed000000,0x00000000ed000000,0x00000000ed500000)
  to   space 5120K, 0% used [0x00000000ecb00000,0x00000000ecb00000,0x00000000ed000000)
 ParOldGen       total 86016K, used 0K [0x00000000c0000000, 0x00000000c5400000, 0x00000000eaa80000)
  object space 86016K, 0% used [0x00000000c0000000,0x00000000c0000000,0x00000000c5400000)
 PSPermGen       total 21504K, used 4851K [0x00000000bae00000, 0x00000000bc300000, 0x00000000c0000000)
  object space 21504K, 22% used [0x00000000bae00000,0x00000000bb2bcfe8,0x00000000bc300000)

Card table byte_map: [0x0000000005090000,0x00000000052c0000] byte_map_base: 0x0000000004ab9000

Polling page: 0x0000000001cd0000

Code Cache  [0x0000000001fd0000, 0x0000000002240000, 0x0000000004fd0000)
 total_blobs=244 nmethods=13 adapters=184 free_code_cache=48729Kb largest_free_block=49881280

Compilation events (10 events):
Event: 0.275 Thread 0x0000000007e6b800 nmethod 9 0x0000000002035dd0 code [0x0000000002035f20, 0x0000000002036378]
Event: 0.296 Thread 0x0000000007e6d800   10             java.lang.String::equals (81 bytes)
Event: 0.297 Thread 0x0000000007e6b800   11             java.lang.Object::<init> (1 bytes)
Event: 0.297 Thread 0x0000000007e6b800 nmethod 11 0x000000000203acd0 code [0x000000000203ae00, 0x000000000203ae78]
Event: 0.300 Thread 0x0000000007e6d800 nmethod 10 0x000000000203c150 code [0x000000000203c2a0, 0x000000000203c4f8]
Event: 0.303 Thread 0x0000000007e6b800   12             java.util.TreeMap::parentOf (13 bytes)
Event: 0.303 Thread 0x0000000007e6b800 nmethod 12 0x0000000002039390 code [0x00000000020394c0, 0x0000000002039518]
Event: 0.319 Thread 0x0000000007e6d800   13             java.lang.String::startsWith (72 bytes)
Event: 0.322 Thread 0x0000000007e6d800 nmethod 13 0x000000000203b710 code [0x000000000203b860, 0x000000000203b9f8]
Event: 0.355 Thread 0x0000000007e6b800   14             sun.net.www.ParseUtil::encodePath (336 bytes)

GC Heap History (0 events):
No events

Deoptimization events (0 events):
No events

Internal exceptions (10 events):
Event: 0.351 Thread 0x000000000993e800 Threw 0x00000000eaf8b598 at C:\re\jdk7u79\2331\hotspot\src\share\vm\prims\jvm.cpp:1304
Event: 0.352 Thread 0x000000000993e800 Threw 0x00000000eaf9b258 at C:\re\jdk7u79\2331\hotspot\src\share\vm\prims\jvm.cpp:1304
Event: 0.354 Thread 0x000000000993e800 Threw 0x00000000eaf9e9a0 at C:\re\jdk7u79\2331\hotspot\src\share\vm\prims\jvm.cpp:1304
Event: 0.354 Thread 0x000000000993e800 Threw 0x00000000eafa3a70 at C:\re\jdk7u79\2331\hotspot\src\share\vm\prims\jvm.cpp:1304
Event: 0.355 Thread 0x000000000993e800 Threw 0x00000000eafa87f0 at C:\re\jdk7u79\2331\hotspot\src\share\vm\prims\jvm.cpp:1304
Event: 0.356 Thread 0x000000000993e800 Threw 0x00000000eafae3c0 at C:\re\jdk7u79\2331\hotspot\src\share\vm\prims\jvm.cpp:1304
Event: 0.357 Thread 0x000000000993e800 Threw 0x00000000eafb3078 at C:\re\jdk7u79\2331\hotspot\src\share\vm\prims\jvm.cpp:1304
Event: 0.357 Thread 0x000000000993e800 Threw 0x00000000eafb4f38 at C:\re\jdk7u79\2331\hotspot\src\share\vm\prims\jvm.cpp:1304
Event: 0.358 Thread 0x000000000993e800 Threw 0x00000000eb1ada40 at C:\re\jdk7u79\2331\hotspot\src\share\vm\prims\jvm.cpp:1304
Event: 0.358 Thread 0x000000000993e800 Threw 0x00000000eb1af7b8 at C:\re\jdk7u79\2331\hotspot\src\share\vm\prims\jvm.cpp:1304

Events (10 events):
Event: 0.356 loading class 0x0000000009951e30
Event: 0.356 loading class 0x0000000009951e30 done
Event: 0.357 loading class 0x000000000990a8c0
Event: 0.357 loading class 0x000000000990a8c0 done
Event: 0.357 loading class 0x0000000009957390
Event: 0.357 loading class 0x0000000009957390 done
Event: 0.357 loading class 0x000000000994bd50
Event: 0.357 loading class 0x000000000994bd50 done
Event: 0.358 loading class 0x000000000994b750
Event: 0.358 loading class 0x000000000994b750 done


Dynamic libraries:
0x00007ff620650000 - 0x00007ff620683000 	C:\Program Files\Java\jdk1.7.0_79\bin\java.exe
0x00007ffb7c7b0000 - 0x00007ffb7c95d000 	C:\Windows\SYSTEM32\ntdll.dll
0x00007ffb7c670000 - 0x00007ffb7c7ae000 	C:\Windows\system32\KERNEL32.DLL
0x00007ffb79b30000 - 0x00007ffb79c45000 	C:\Windows\system32\KERNELBASE.dll
0x00007ffb78490000 - 0x00007ffb7851e000 	C:\Windows\system32\apphelp.dll
0x00007ffb688e0000 - 0x00007ffb68933000 	C:\Windows\AppPatch\AppPatch64\AcGenral.DLL
0x00007ffb7c2f0000 - 0x00007ffb7c39a000 	C:\Windows\system32\msvcrt.dll
0x00007ffb799a0000 - 0x00007ffb799ce000 	C:\Windows\system32\SspiCli.dll
0x00007ffb7b7d0000 - 0x00007ffb7b824000 	C:\Windows\system32\SHLWAPI.dll
0x00007ffb7bb10000 - 0x00007ffb7bc87000 	C:\Windows\system32\USER32.dll
0x00007ffb7a100000 - 0x00007ffb7a294000 	C:\Windows\system32\ole32.dll
0x00007ffb7a2a0000 - 0x00007ffb7b7c8000 	C:\Windows\system32\SHELL32.dll
0x00007ffb78e90000 - 0x00007ffb78eb1000 	C:\Windows\SYSTEM32\USERENV.dll
0x00007ffb7c400000 - 0x00007ffb7c4aa000 	C:\Windows\system32\ADVAPI32.dll
0x00007ffb766f0000 - 0x00007ffb7670e000 	C:\Windows\SYSTEM32\MPR.dll
0x00007ffb7c0f0000 - 0x00007ffb7c230000 	C:\Windows\system32\RPCRT4.dll
0x00007ffb7a020000 - 0x00007ffb7a079000 	C:\Windows\SYSTEM32\sechost.dll
0x00007ffb7bd50000 - 0x00007ffb7bf61000 	C:\Windows\SYSTEM32\combase.dll
0x00007ffb7b980000 - 0x00007ffb7bacf000 	C:\Windows\system32\GDI32.dll
0x00007ffb798d0000 - 0x00007ffb798e5000 	C:\Windows\SYSTEM32\profapi.dll
0x00007ffb78120000 - 0x00007ffb781d2000 	C:\Windows\SYSTEM32\SHCORE.dll
0x00007ffb7bad0000 - 0x00007ffb7bb06000 	C:\Windows\system32\IMM32.DLL
0x00007ffb7bf90000 - 0x00007ffb7c0e2000 	C:\Windows\system32\MSCTF.dll
0x00007ffb77ca0000 - 0x00007ffb77f1b000 	C:\Windows\WinSxS\amd64_microsoft.windows.common-controls_6595b64144ccf1df_6.0.9600.18006_none_623f33d3ecbe86e8\COMCTL32.dll
0x0000000071750000 - 0x0000000071822000 	C:\Program Files\Java\jdk1.7.0_79\jre\bin\msvcr100.dll
0x0000000071be0000 - 0x00000000723b5000 	C:\Program Files\Java\jdk1.7.0_79\jre\bin\server\jvm.dll
0x00007ffb6ed20000 - 0x00007ffb6ed29000 	C:\Windows\SYSTEM32\WSOCK32.dll
0x00007ffb713b0000 - 0x00007ffb713d2000 	C:\Windows\SYSTEM32\WINMM.dll
0x00007ffb7a080000 - 0x00007ffb7a087000 	C:\Windows\system32\PSAPI.DLL
0x00007ffb7c3a0000 - 0x00007ffb7c3fa000 	C:\Windows\system32\WS2_32.dll
0x00007ffb71240000 - 0x00007ffb7126a000 	C:\Windows\SYSTEM32\WINMMBASE.dll
0x00007ffb7b970000 - 0x00007ffb7b979000 	C:\Windows\system32\NSI.dll
0x00007ffb79ae0000 - 0x00007ffb79b2f000 	C:\Windows\SYSTEM32\cfgmgr32.dll
0x00007ffb786e0000 - 0x00007ffb78708000 	C:\Windows\SYSTEM32\DEVOBJ.dll
0x0000000071bd0000 - 0x0000000071bdf000 	C:\Program Files\Java\jdk1.7.0_79\jre\bin\verify.dll
0x0000000071ba0000 - 0x0000000071bc8000 	C:\Program Files\Java\jdk1.7.0_79\jre\bin\java.dll
0x0000000071b80000 - 0x0000000071b95000 	C:\Program Files\Java\jdk1.7.0_79\jre\bin\zip.dll
0x0000000071b60000 - 0x0000000071b7a000 	C:\Program Files\Java\jdk1.7.0_79\jre\bin\net.dll
0x00007ffb790c0000 - 0x00007ffb79119000 	C:\Windows\system32\mswsock.dll
0x0000000071b40000 - 0x0000000071b51000 	C:\Program Files\Java\jdk1.7.0_79\jre\bin\nio.dll

VM Arguments:
jvm_args: -Djava.awt.headless=true -Xmx1024M -Dfile.encoding=x-windows-874 -Duser.country=US -Duser.language=en -Duser.variant 
java_command: com.android.dx.command.Main --dex --num-threads=4 --output D:\pro\VanGun\app\build\intermediates\pre-dexed\debug\com.google.firebase-firebase-analytics-10.2.1_d6391cd9d21df51f909db3690aa53f89837bb084.jar D:\pro\VanGun\app\build\intermediates\exploded-aar\com.google.firebase\firebase-analytics\10.2.1\jars\classes.jar
Launcher Type: SUN_STANDARD

Environment Variables:
PATH=C:\ProgramData\Oracle\Java\javapath;C:\Windows\system32;C:\Windows;C:\Windows\System32\Wbem;C:\Windows\System32\WindowsPowerShell\v1.0\;C:\Program Files (x86)\NVIDIA Corporation\PhysX\Common;C:\Program Files (x86)\QuickTime\QTSystem\;C:\Users\user\AppData\Local\atom\bin
USERNAME=user
OS=Windows_NT
PROCESSOR_IDENTIFIER=Intel64 Family 6 Model 58 Stepping 9, GenuineIntel



---------------  S Y S T E M  ---------------

OS: Windows 8.1 , 64 bit Build 9600 

CPU:total 4 (2 cores per cpu, 2 threads per core) family 6 model 58 stepping 9, cmov, cx8, fxsr, mmx, sse, sse2, sse3, ssse3, sse4.1, sse4.2, popcnt, avx, aes, erms, ht, tsc, tscinvbit, tscinv

Memory: 4k page, physical 8271456k(1343960k free), swap 11417184k(5164k free)

vm_info: Java HotSpot(TM) 64-Bit Server VM (24.79-b02) for windows-amd64 JRE (1.7.0_79-b15), built on Apr 10 2015 12:36:16 by "java_re" with unknown MS VC++:1600

time: Tue Apr 18 16:49:01 2017
elapsed time: 0 seconds

