#
# There is insufficient memory for the Java Runtime Environment to continue.
# Native memory allocation (malloc) failed to allocate 100496 bytes for Chunk::new
# Possible reasons:
#   The system is out of physical RAM or swap space
#   In 32 bit mode, the process size limit was hit
# Possible solutions:
#   Reduce memory load on the system
#   Increase physical memory or swap space
#   Check if swap backing store is full
#   Use 64 bit Java on a 64 bit OS
#   Decrease Java heap size (-Xmx/-Xms)
#   Decrease number of Java threads
#   Decrease Java thread stack sizes (-Xss)
#   Set larger code cache with -XX:ReservedCodeCacheSize=
# This output file may be truncated or incomplete.
#
#  Out of Memory Error (allocation.cpp:323), pid=4796, tid=5920
#
# JRE version: Java(TM) SE Runtime Environment (7.0_79-b15) (build 1.7.0_79-b15)
# Java VM: Java HotSpot(TM) 64-Bit Server VM (24.79-b02 mixed mode windows-amd64 compressed oops)
# Failed to write core dump. Minidumps are not enabled by default on client versions of Windows
#

---------------  T H R E A D  ---------------

Current thread (0x00000000089f4000):  JavaThread "C2 CompilerThread0" daemon [_thread_in_native, id=5920, stack(0x0000000009f90000,0x000000000a090000)]

Stack: [0x0000000009f90000,0x000000000a090000]

Current CompileTask:
C2:    367   12             java.util.regex.Pattern::compile (406 bytes)


---------------  P R O C E S S  ---------------

Java Threads: ( => current thread )
  0x0000000008a0f000 JavaThread "Service Thread" daemon [_thread_blocked, id=6184, stack(0x000000000a190000,0x000000000a290000)]
  0x00000000089f6000 JavaThread "C2 CompilerThread1" daemon [_thread_blocked, id=7404, stack(0x000000000a090000,0x000000000a190000)]
=>0x00000000089f4000 JavaThread "C2 CompilerThread0" daemon [_thread_in_native, id=5920, stack(0x0000000009f90000,0x000000000a090000)]
  0x00000000089f3000 JavaThread "Attach Listener" daemon [_thread_blocked, id=6744, stack(0x0000000009e90000,0x0000000009f90000)]
  0x00000000089f0000 JavaThread "Signal Dispatcher" daemon [_thread_blocked, id=4080, stack(0x0000000009d90000,0x0000000009e90000)]
  0x00000000089be800 JavaThread "Finalizer" daemon [_thread_blocked, id=7224, stack(0x0000000009c90000,0x0000000009d90000)]
  0x00000000089b5000 JavaThread "Reference Handler" daemon [_thread_blocked, id=7884, stack(0x0000000009b90000,0x0000000009c90000)]
  0x0000000002b20800 JavaThread "main" [_thread_in_vm, id=4736, stack(0x0000000002920000,0x0000000002a20000)]

Other Threads:
  0x00000000089b1000 VMThread [stack: 0x0000000009a90000,0x0000000009b90000] [id=4492]
  0x0000000008a1f000 WatcherThread [stack: 0x000000000a290000,0x000000000a390000] [id=5048]

VM state:not at safepoint (normal execution)

VM Mutex/Monitor currently owned by a thread: None

Heap
 PSYoungGen      total 38400K, used 4011K [0x00000000eaa80000, 0x00000000ed500000, 0x0000000100000000)
  eden space 33280K, 12% used [0x00000000eaa80000,0x00000000eae6ad60,0x00000000ecb00000)
  from space 5120K, 0% used [0x00000000ed000000,0x00000000ed000000,0x00000000ed500000)
  to   space 5120K, 0% used [0x00000000ecb00000,0x00000000ecb00000,0x00000000ed000000)
 ParOldGen       total 86016K, used 0K [0x00000000c0000000, 0x00000000c5400000, 0x00000000eaa80000)
  object space 86016K, 0% used [0x00000000c0000000,0x00000000c0000000,0x00000000c5400000)
 PSPermGen       total 21504K, used 3391K [0x00000000bae00000, 0x00000000bc300000, 0x00000000c0000000)
  object space 21504K, 15% used [0x00000000bae00000,0x00000000bb14ffc0,0x00000000bc300000)

Card table byte_map: [0x0000000005c20000,0x0000000005e50000] byte_map_base: 0x0000000005649000

Polling page: 0x0000000001000000

Code Cache  [0x0000000002c20000, 0x0000000002e90000, 0x0000000005c20000)
 total_blobs=211 nmethods=18 adapters=146 free_code_cache=48742Kb largest_free_block=49896384

Compilation events (10 events):
Event: 0.358 Thread 0x00000000089f6000   15             java.lang.String::codePointAt (36 bytes)
Event: 0.360 Thread 0x00000000089f6000 nmethod 15 0x0000000002c83e10 code [0x0000000002c83f60, 0x0000000002c84098]
Event: 0.360 Thread 0x00000000089f6000   16             java.lang.Character::codePointAtImpl (41 bytes)
Event: 0.361 Thread 0x00000000089f6000 nmethod 16 0x0000000002c83a50 code [0x0000000002c83ba0, 0x0000000002c83cb8]
Event: 0.361 Thread 0x00000000089f6000   17             java.lang.Character::isHighSurrogate (18 bytes)
Event: 0.361 Thread 0x00000000089f6000 nmethod 17 0x0000000002c837d0 code [0x0000000002c83900, 0x0000000002c83958]
Event: 0.361 Thread 0x00000000089f6000   18             java.util.regex.Pattern::isSupplementary (20 bytes)
Event: 0.362 Thread 0x00000000089f6000 nmethod 18 0x0000000002c86710 code [0x0000000002c86840, 0x0000000002c86898]
Event: 0.362 Thread 0x00000000089f6000   19             java.lang.Character::isSurrogate (18 bytes)
Event: 0.362 Thread 0x00000000089f6000 nmethod 19 0x0000000002c86510 code [0x0000000002c86640, 0x0000000002c86698]

GC Heap History (0 events):
No events

Deoptimization events (0 events):
No events

Internal exceptions (10 events):
Event: 0.300 Thread 0x0000000002b20800 Threw 0x00000000eac47ff8 at C:\re\jdk7u79\2331\hotspot\src\share\vm\prims\jvm.cpp:1304
Event: 0.302 Thread 0x0000000002b20800 Threw 0x00000000eac4a120 at C:\re\jdk7u79\2331\hotspot\src\share\vm\prims\jvm.cpp:1304
Event: 0.303 Thread 0x0000000002b20800 Threw 0x00000000eac4ec70 at C:\re\jdk7u79\2331\hotspot\src\share\vm\prims\jvm.cpp:1304
Event: 0.304 Thread 0x0000000002b20800 Threw 0x00000000eac53078 at C:\re\jdk7u79\2331\hotspot\src\share\vm\prims\jvm.cpp:1304
Event: 0.304 Thread 0x0000000002b20800 Threw 0x00000000eac57a58 at C:\re\jdk7u79\2331\hotspot\src\share\vm\prims\jvm.cpp:1304
Event: 0.305 Thread 0x0000000002b20800 Threw 0x00000000eac5bfb8 at C:\re\jdk7u79\2331\hotspot\src\share\vm\prims\jvm.cpp:1304
Event: 0.310 Thread 0x0000000002b20800 Threw 0x00000000eac63680 at C:\re\jdk7u79\2331\hotspot\src\share\vm\prims\jvm.cpp:1304
Event: 0.311 Thread 0x0000000002b20800 Threw 0x00000000eac68de8 at C:\re\jdk7u79\2331\hotspot\src\share\vm\prims\jvm.cpp:1304
Event: 0.313 Thread 0x0000000002b20800 Threw 0x00000000eac6af00 at C:\re\jdk7u79\2331\hotspot\src\share\vm\prims\jvm.cpp:1304
Event: 0.318 Thread 0x0000000002b20800 Threw 0x00000000eac7d288 at C:\re\jdk7u79\2331\hotspot\src\share\vm\prims\jvm.cpp:1304

Events (10 events):
Event: 0.362 loading class 0x0000000002b957f0 done
Event: 0.362 loading class 0x0000000002b95820 done
Event: 0.363 loading class 0x0000000002b7a340
Event: 0.363 loading class 0x0000000002b7a340 done
Event: 0.363 loading class 0x0000000008a4d760
Event: 0.363 loading class 0x0000000008a4d760 done
Event: 0.363 loading class 0x0000000008a4e280
Event: 0.363 loading class 0x0000000008a4d6d0
Event: 0.364 loading class 0x0000000008a4edd0
Event: 0.364 loading class 0x0000000008a4edd0 done


Dynamic libraries:
0x00007ff620650000 - 0x00007ff620683000 	C:\Program Files\Java\jdk1.7.0_79\bin\java.exe
0x00007ffb7c7b0000 - 0x00007ffb7c95d000 	C:\Windows\SYSTEM32\ntdll.dll
0x00007ffb7c670000 - 0x00007ffb7c7ae000 	C:\Windows\system32\KERNEL32.DLL
0x00007ffb79b30000 - 0x00007ffb79c45000 	C:\Windows\system32\KERNELBASE.dll
0x00007ffb78490000 - 0x00007ffb7851e000 	C:\Windows\system32\apphelp.dll
0x00007ffb688e0000 - 0x00007ffb68933000 	C:\Windows\AppPatch\AppPatch64\AcGenral.DLL
0x00007ffb7c2f0000 - 0x00007ffb7c39a000 	C:\Windows\system32\msvcrt.dll
0x00007ffb799a0000 - 0x00007ffb799ce000 	C:\Windows\system32\SspiCli.dll
0x00007ffb7b7d0000 - 0x00007ffb7b824000 	C:\Windows\system32\SHLWAPI.dll
0x00007ffb7bb10000 - 0x00007ffb7bc87000 	C:\Windows\system32\USER32.dll
0x00007ffb7a100000 - 0x00007ffb7a294000 	C:\Windows\system32\ole32.dll
0x00007ffb7a2a0000 - 0x00007ffb7b7c8000 	C:\Windows\system32\SHELL32.dll
0x00007ffb78e90000 - 0x00007ffb78eb1000 	C:\Windows\SYSTEM32\USERENV.dll
0x00007ffb7c400000 - 0x00007ffb7c4aa000 	C:\Windows\system32\ADVAPI32.dll
0x00007ffb766f0000 - 0x00007ffb7670e000 	C:\Windows\SYSTEM32\MPR.dll
0x00007ffb7c0f0000 - 0x00007ffb7c230000 	C:\Windows\system32\RPCRT4.dll
0x00007ffb7a020000 - 0x00007ffb7a079000 	C:\Windows\SYSTEM32\sechost.dll
0x00007ffb7bd50000 - 0x00007ffb7bf61000 	C:\Windows\SYSTEM32\combase.dll
0x00007ffb7b980000 - 0x00007ffb7bacf000 	C:\Windows\system32\GDI32.dll
0x00007ffb798d0000 - 0x00007ffb798e5000 	C:\Windows\SYSTEM32\profapi.dll
0x00007ffb78120000 - 0x00007ffb781d2000 	C:\Windows\SYSTEM32\SHCORE.dll
0x00007ffb7bad0000 - 0x00007ffb7bb06000 	C:\Windows\system32\IMM32.DLL
0x00007ffb7bf90000 - 0x00007ffb7c0e2000 	C:\Windows\system32\MSCTF.dll
0x00007ffb77ca0000 - 0x00007ffb77f1b000 	C:\Windows\WinSxS\amd64_microsoft.windows.common-controls_6595b64144ccf1df_6.0.9600.18006_none_623f33d3ecbe86e8\COMCTL32.dll
0x0000000071750000 - 0x0000000071822000 	C:\Program Files\Java\jdk1.7.0_79\jre\bin\msvcr100.dll
0x0000000071be0000 - 0x00000000723b5000 	C:\Program Files\Java\jdk1.7.0_79\jre\bin\server\jvm.dll
0x00007ffb6ed20000 - 0x00007ffb6ed29000 	C:\Windows\SYSTEM32\WSOCK32.dll
0x00007ffb713b0000 - 0x00007ffb713d2000 	C:\Windows\SYSTEM32\WINMM.dll
0x00007ffb7a080000 - 0x00007ffb7a087000 	C:\Windows\system32\PSAPI.DLL
0x00007ffb7c3a0000 - 0x00007ffb7c3fa000 	C:\Windows\system32\WS2_32.dll
0x00007ffb71240000 - 0x00007ffb7126a000 	C:\Windows\SYSTEM32\WINMMBASE.dll
0x00007ffb7b970000 - 0x00007ffb7b979000 	C:\Windows\system32\NSI.dll
0x00007ffb79ae0000 - 0x00007ffb79b2f000 	C:\Windows\SYSTEM32\cfgmgr32.dll
0x00007ffb786e0000 - 0x00007ffb78708000 	C:\Windows\SYSTEM32\DEVOBJ.dll
0x0000000071bd0000 - 0x0000000071bdf000 	C:\Program Files\Java\jdk1.7.0_79\jre\bin\verify.dll
0x0000000071ba0000 - 0x0000000071bc8000 	C:\Program Files\Java\jdk1.7.0_79\jre\bin\java.dll
0x0000000071b80000 - 0x0000000071b95000 	C:\Program Files\Java\jdk1.7.0_79\jre\bin\zip.dll

VM Arguments:
jvm_args: -Djava.awt.headless=true -Xmx1024M -Dfile.encoding=x-windows-874 -Duser.country=US -Duser.language=en -Duser.variant 
java_command: com.android.dx.command.Main --dex --num-threads=4 --output D:\pro\VanGun\app\build\intermediates\pre-dexed\debug\com.android.support.test-runner-0.5_6eea90800cd18d690fdf4c5f9a8455a16421e16c.jar D:\pro\VanGun\app\build\intermediates\exploded-aar\com.android.support.test\runner\0.5\jars\classes.jar
Launcher Type: SUN_STANDARD

Environment Variables:
PATH=C:\ProgramData\Oracle\Java\javapath;C:\Windows\system32;C:\Windows;C:\Windows\System32\Wbem;C:\Windows\System32\WindowsPowerShell\v1.0\;C:\Program Files (x86)\NVIDIA Corporation\PhysX\Common;C:\Program Files (x86)\QuickTime\QTSystem\;C:\Users\user\AppData\Local\atom\bin
USERNAME=user
OS=Windows_NT
PROCESSOR_IDENTIFIER=Intel64 Family 6 Model 58 Stepping 9, GenuineIntel



---------------  S Y S T E M  ---------------

OS: Windows 8.1 , 64 bit Build 9600 

CPU:total 4 (2 cores per cpu, 2 threads per core) family 6 model 58 stepping 9, cmov, cx8, fxsr, mmx, sse, sse2, sse3, ssse3, sse4.1, sse4.2, popcnt, avx, aes, erms, ht, tsc, tscinvbit, tscinv

Memory: 4k page, physical 8271456k(1184496k free), swap 11417184k(4964k free)

vm_info: Java HotSpot(TM) 64-Bit Server VM (24.79-b02) for windows-amd64 JRE (1.7.0_79-b15), built on Apr 10 2015 12:36:16 by "java_re" with unknown MS VC++:1600

time: Tue Apr 18 16:54:13 2017
elapsed time: 0 seconds

