#
# There is insufficient memory for the Java Runtime Environment to continue.
# Native memory allocation (malloc) failed to allocate 274864 bytes for Chunk::new
# Possible reasons:
#   The system is out of physical RAM or swap space
#   In 32 bit mode, the process size limit was hit
# Possible solutions:
#   Reduce memory load on the system
#   Increase physical memory or swap space
#   Check if swap backing store is full
#   Use 64 bit Java on a 64 bit OS
#   Decrease Java heap size (-Xmx/-Xms)
#   Decrease number of Java threads
#   Decrease Java thread stack sizes (-Xss)
#   Set larger code cache with -XX:ReservedCodeCacheSize=
# This output file may be truncated or incomplete.
#
#  Out of Memory Error (allocation.cpp:323), pid=4588, tid=7280
#
# JRE version: Java(TM) SE Runtime Environment (7.0_79-b15) (build 1.7.0_79-b15)
# Java VM: Java HotSpot(TM) 64-Bit Server VM (24.79-b02 mixed mode windows-amd64 compressed oops)
# Failed to write core dump. Minidumps are not enabled by default on client versions of Windows
#

---------------  T H R E A D  ---------------

Current thread (0x0000000007cf4000):  JavaThread "C2 CompilerThread0" daemon [_thread_in_native, id=7280, stack(0x0000000009260000,0x0000000009360000)]

Stack: [0x0000000009260000,0x0000000009360000]

Current CompileTask:
C2:   3563  438   !         com.android.dx.cf.code.RopperMachine::run (1550 bytes)


---------------  P R O C E S S  ---------------

Java Threads: ( => current thread )
  0x000000000976d000 JavaThread "pool-1-thread-4" [_thread_in_vm, id=404, stack(0x000000000a660000,0x000000000a760000)]
  0x000000000980a000 JavaThread "pool-1-thread-3" [_thread_blocked, id=7240, stack(0x000000000a560000,0x000000000a660000)]
  0x00000000098ce000 JavaThread "pool-1-thread-2" [_thread_blocked, id=4824, stack(0x000000000a460000,0x000000000a560000)]
  0x00000000098cd000 JavaThread "pool-2-thread-1" [_thread_blocked, id=6560, stack(0x000000000a360000,0x000000000a460000)]
  0x0000000009926000 JavaThread "pool-1-thread-1" [_thread_blocked, id=5020, stack(0x000000000a260000,0x000000000a360000)]
  0x0000000007d0f800 JavaThread "Service Thread" daemon [_thread_blocked, id=6676, stack(0x0000000009460000,0x0000000009560000)]
  0x0000000007d09000 JavaThread "C2 CompilerThread1" daemon [_thread_in_native, id=4708, stack(0x0000000009360000,0x0000000009460000)]
=>0x0000000007cf4000 JavaThread "C2 CompilerThread0" daemon [_thread_in_native, id=7280, stack(0x0000000009260000,0x0000000009360000)]
  0x0000000007cf3000 JavaThread "Attach Listener" daemon [_thread_blocked, id=904, stack(0x0000000009160000,0x0000000009260000)]
  0x0000000007cf0000 JavaThread "Signal Dispatcher" daemon [_thread_blocked, id=4804, stack(0x0000000009060000,0x0000000009160000)]
  0x0000000007cbe800 JavaThread "Finalizer" daemon [_thread_blocked, id=7752, stack(0x0000000008f60000,0x0000000009060000)]
  0x0000000007cb5000 JavaThread "Reference Handler" daemon [_thread_blocked, id=7952, stack(0x0000000008e60000,0x0000000008f60000)]
  0x0000000001d60800 JavaThread "main" [_thread_in_Java, id=6604, stack(0x0000000001c60000,0x0000000001d60000)]

Other Threads:
  0x0000000007cb1000 VMThread [stack: 0x0000000008d60000,0x0000000008e60000] [id=7956]
  0x0000000007d1d000 WatcherThread [stack: 0x0000000009560000,0x0000000009660000] [id=7720]

VM state:not at safepoint (normal execution)

VM Mutex/Monitor currently owned by a thread: None

Heap
 PSYoungGen      total 71680K, used 20749K [0x00000000eaa80000, 0x00000000ef580000, 0x0000000100000000)
  eden space 66560K, 23% used [0x00000000eaa80000,0x00000000eb9c7680,0x00000000eeb80000)
  from space 5120K, 99% used [0x00000000ef080000,0x00000000ef57c020,0x00000000ef580000)
  to   space 5120K, 0% used [0x00000000eeb80000,0x00000000eeb80000,0x00000000ef080000)
 ParOldGen       total 86016K, used 13440K [0x00000000c0000000, 0x00000000c5400000, 0x00000000eaa80000)
  object space 86016K, 15% used [0x00000000c0000000,0x00000000c0d201f8,0x00000000c5400000)
 PSPermGen       total 21504K, used 6037K [0x00000000bae00000, 0x00000000bc300000, 0x00000000c0000000)
  object space 21504K, 28% used [0x00000000bae00000,0x00000000bb3e5478,0x00000000bc300000)

Card table byte_map: [0x0000000004f20000,0x0000000005150000] byte_map_base: 0x0000000004949000

Polling page: 0x0000000001b30000

Code Cache  [0x0000000001e60000, 0x00000000020d0000, 0x0000000004e60000)
 total_blobs=675 nmethods=438 adapters=189 free_code_cache=47298Kb largest_free_block=48386752

Compilation events (10 events):
Event: 3.401 Thread 0x0000000007cf4000 nmethod 433 0x0000000002030a10 code [0x0000000002030b80, 0x0000000002030e48]
Event: 3.402 Thread 0x0000000007cf4000  434             com.android.dx.ssa.SsaRenamer::setNameForSsaReg (54 bytes)
Event: 3.408 Thread 0x0000000007cf4000 nmethod 434 0x000000000202ff10 code [0x00000000020300a0, 0x0000000002030490]
Event: 3.408 Thread 0x0000000007cf4000  435             com.android.dx.util.LabeledList::rebuildLabelToIndex (46 bytes)
Event: 3.413 Thread 0x0000000007cf4000 nmethod 435 0x0000000002015150 code [0x00000000020152a0, 0x00000000020154d8]
Event: 3.413 Thread 0x0000000007cf4000  436             com.android.dx.ssa.back.SsaToRop::convertBasicBlock (126 bytes)
Event: 3.433 Thread 0x0000000007cf4000 nmethod 436 0x0000000002038e10 code [0x0000000002039000, 0x0000000002039b58]
Event: 3.433 Thread 0x0000000007cf4000  437             com.android.dx.ssa.SsaBasicBlock::getPrimarySuccessorRopLabel (12 bytes)
Event: 3.435 Thread 0x0000000007cf4000 nmethod 437 0x00000000020161d0 code [0x0000000002016320, 0x0000000002016438]
Event: 3.435 Thread 0x0000000007cf4000  438   !         com.android.dx.cf.code.RopperMachine::run (1550 bytes)

GC Heap History (8 events):
Event: 1.000 GC heap before
{Heap before GC invocations=1 (full 0):
 PSYoungGen      total 38400K, used 33280K [0x00000000eaa80000, 0x00000000ed500000, 0x0000000100000000)
  eden space 33280K, 100% used [0x00000000eaa80000,0x00000000ecb00000,0x00000000ecb00000)
  from space 5120K, 0% used [0x00000000ed000000,0x00000000ed000000,0x00000000ed500000)
  to   space 5120K, 0% used [0x00000000ecb00000,0x00000000ecb00000,0x00000000ed000000)
 ParOldGen       total 86016K, used 0K [0x00000000c0000000, 0x00000000c5400000, 0x00000000eaa80000)
  object space 86016K, 0% used [0x00000000c0000000,0x00000000c0000000,0x00000000c5400000)
 PSPermGen       total 21504K, used 5613K [0x00000000bae00000, 0x00000000bc300000, 0x00000000c0000000)
  object space 21504K, 26% used [0x00000000bae00000,0x00000000bb37b640,0x00000000bc300000)
Event: 1.007 GC heap after
Heap after GC invocations=1 (full 0):
 PSYoungGen      total 38400K, used 4205K [0x00000000eaa80000, 0x00000000ed500000, 0x0000000100000000)
  eden space 33280K, 0% used [0x00000000eaa80000,0x00000000eaa80000,0x00000000ecb00000)
  from space 5120K, 82% used [0x00000000ecb00000,0x00000000ecf1b648,0x00000000ed000000)
  to   space 5120K, 0% used [0x00000000ed000000,0x00000000ed000000,0x00000000ed500000)
 ParOldGen       total 86016K, used 8K [0x00000000c0000000, 0x00000000c5400000, 0x00000000eaa80000)
  object space 86016K, 0% used [0x00000000c0000000,0x00000000c0002000,0x00000000c5400000)
 PSPermGen       total 21504K, used 5613K [0x00000000bae00000, 0x00000000bc300000, 0x00000000c0000000)
  object space 21504K, 26% used [0x00000000bae00000,0x00000000bb37b640,0x00000000bc300000)
}
Event: 1.917 GC heap before
{Heap before GC invocations=2 (full 0):
 PSYoungGen      total 38400K, used 37485K [0x00000000eaa80000, 0x00000000ed500000, 0x0000000100000000)
  eden space 33280K, 100% used [0x00000000eaa80000,0x00000000ecb00000,0x00000000ecb00000)
  from space 5120K, 82% used [0x00000000ecb00000,0x00000000ecf1b648,0x00000000ed000000)
  to   space 5120K, 0% used [0x00000000ed000000,0x00000000ed000000,0x00000000ed500000)
 ParOldGen       total 86016K, used 8K [0x00000000c0000000, 0x00000000c5400000, 0x00000000eaa80000)
  object space 86016K, 0% used [0x00000000c0000000,0x00000000c0002000,0x00000000c5400000)
 PSPermGen       total 21504K, used 5938K [0x00000000bae00000, 0x00000000bc300000, 0x00000000c0000000)
  object space 21504K, 27% used [0x00000000bae00000,0x00000000bb3cc858,0x00000000bc300000)
Event: 1.983 GC heap after
Heap after GC invocations=2 (full 0):
 PSYoungGen      total 38400K, used 5098K [0x00000000eaa80000, 0x00000000ef580000, 0x0000000100000000)
  eden space 33280K, 0% used [0x00000000eaa80000,0x00000000eaa80000,0x00000000ecb00000)
  from space 5120K, 99% used [0x00000000ed000000,0x00000000ed4faab8,0x00000000ed500000)
  to   space 5120K, 0% used [0x00000000ecb00000,0x00000000ecb00000,0x00000000ed000000)
 ParOldGen       total 86016K, used 2945K [0x00000000c0000000, 0x00000000c5400000, 0x00000000eaa80000)
  object space 86016K, 3% used [0x00000000c0000000,0x00000000c02e0710,0x00000000c5400000)
 PSPermGen       total 21504K, used 5938K [0x00000000bae00000, 0x00000000bc300000, 0x00000000c0000000)
  object space 21504K, 27% used [0x00000000bae00000,0x00000000bb3cc858,0x00000000bc300000)
}
Event: 2.857 GC heap before
{Heap before GC invocations=3 (full 0):
 PSYoungGen      total 38400K, used 38378K [0x00000000eaa80000, 0x00000000ef580000, 0x0000000100000000)
  eden space 33280K, 100% used [0x00000000eaa80000,0x00000000ecb00000,0x00000000ecb00000)
  from space 5120K, 99% used [0x00000000ed000000,0x00000000ed4faab8,0x00000000ed500000)
  to   space 5120K, 0% used [0x00000000ecb00000,0x00000000ecb00000,0x00000000ed000000)
 ParOldGen       total 86016K, used 2945K [0x00000000c0000000, 0x00000000c5400000, 0x00000000eaa80000)
  object space 86016K, 3% used [0x00000000c0000000,0x00000000c02e0710,0x00000000c5400000)
 PSPermGen       total 21504K, used 5981K [0x00000000bae00000, 0x00000000bc300000, 0x00000000c0000000)
  object space 21504K, 27% used [0x00000000bae00000,0x00000000bb3d75f8,0x00000000bc300000)
Event: 2.885 GC heap after
Heap after GC invocations=3 (full 0):
 PSYoungGen      total 38400K, used 5120K [0x00000000eaa80000, 0x00000000ef580000, 0x0000000100000000)
  eden space 33280K, 0% used [0x00000000eaa80000,0x00000000eaa80000,0x00000000ecb00000)
  from space 5120K, 100% used [0x00000000ecb00000,0x00000000ed000000,0x00000000ed000000)
  to   space 5120K, 0% used [0x00000000ef080000,0x00000000ef080000,0x00000000ef580000)
 ParOldGen       total 86016K, used 7947K [0x00000000c0000000, 0x00000000c5400000, 0x00000000eaa80000)
  object space 86016K, 9% used [0x00000000c0000000,0x00000000c07c2d00,0x00000000c5400000)
 PSPermGen       total 21504K, used 5981K [0x00000000bae00000, 0x00000000bc300000, 0x00000000c0000000)
  object space 21504K, 27% used [0x00000000bae00000,0x00000000bb3d75f8,0x00000000bc300000)
}
Event: 3.301 GC heap before
{Heap before GC invocations=4 (full 0):
 PSYoungGen      total 38400K, used 38400K [0x00000000eaa80000, 0x00000000ef580000, 0x0000000100000000)
  eden space 33280K, 100% used [0x00000000eaa80000,0x00000000ecb00000,0x00000000ecb00000)
  from space 5120K, 100% used [0x00000000ecb00000,0x00000000ed000000,0x00000000ed000000)
  to   space 5120K, 0% used [0x00000000ef080000,0x00000000ef080000,0x00000000ef580000)
 ParOldGen       total 86016K, used 7947K [0x00000000c0000000, 0x00000000c5400000, 0x00000000eaa80000)
  object space 86016K, 9% used [0x00000000c0000000,0x00000000c07c2d00,0x00000000c5400000)
 PSPermGen       total 21504K, used 6020K [0x00000000bae00000, 0x00000000bc300000, 0x00000000c0000000)
  object space 21504K, 27% used [0x00000000bae00000,0x00000000bb3e1140,0x00000000bc300000)
Event: 3.317 GC heap after
Heap after GC invocations=4 (full 0):
 PSYoungGen      total 71680K, used 5104K [0x00000000eaa80000, 0x00000000ef580000, 0x0000000100000000)
  eden space 66560K, 0% used [0x00000000eaa80000,0x00000000eaa80000,0x00000000eeb80000)
  from space 5120K, 99% used [0x00000000ef080000,0x00000000ef57c020,0x00000000ef580000)
  to   space 5120K, 0% used [0x00000000eeb80000,0x00000000eeb80000,0x00000000ef080000)
 ParOldGen       total 86016K, used 13440K [0x00000000c0000000, 0x00000000c5400000, 0x00000000eaa80000)
  object space 86016K, 15% used [0x00000000c0000000,0x00000000c0d201f8,0x00000000c5400000)
 PSPermGen       total 21504K, used 6020K [0x00000000bae00000, 0x00000000bc300000, 0x00000000c0000000)
  object space 21504K, 27% used [0x00000000bae00000,0x00000000bb3e1140,0x00000000bc300000)
}

Deoptimization events (10 events):
Event: 1.472 Thread 0x000000000980a000 Uncommon trap: reason=null_check action=make_not_entrant pc=0x0000000001f204f0 method=com.android.dx.ssa.SsaRenamer.getLocalForNewReg(I)Lcom/android/dx/rop/code/LocalItem; @ 19
Event: 1.491 Thread 0x0000000009926000 Uncommon trap: reason=unreached action=reinterpret pc=0x0000000001f2f61c method=com.android.dx.ssa.LocalVariableExtractor.processBlock(I)V @ 251
Event: 1.549 Thread 0x0000000001d60800 Uncommon trap: reason=null_check action=make_not_entrant pc=0x0000000001f33928 method=com.android.dx.rop.type.Type.putIntern(Lcom/android/dx/rop/type/Type;)Lcom/android/dx/rop/type/Type; @ 18
Event: 2.467 Thread 0x000000000976d000 Uncommon trap: reason=null_check action=make_not_entrant pc=0x0000000001f9cdf8 method=com.android.dx.cf.code.Ropper$CatchInfo.getSetup(Lcom/android/dx/rop/type/Type;)Lcom/android/dx/cf/code/Ropper$ExceptionHandlerSetup; @ 10
Event: 2.539 Thread 0x000000000980a000 Uncommon trap: reason=unreached action=reinterpret pc=0x0000000001f4a704 method=com.android.dx.rop.code.LocalVariableExtractor.processBlock(I)V @ 195
Event: 2.886 Thread 0x00000000098ce000 Uncommon trap: reason=bimorphic action=maybe_recompile pc=0x0000000001fc9750 method=com.android.dx.cf.code.BytecodeArray.parseInstruction(ILcom/android/dx/cf/code/BytecodeArray$Visitor;)I @ 1130
Event: 2.886 Thread 0x00000000098ce000 Uncommon trap: reason=bimorphic action=maybe_recompile pc=0x0000000001fc9a1c method=com.android.dx.cf.code.BytecodeArray.parseInstruction(ILcom/android/dx/cf/code/BytecodeArray$Visitor;)I @ 1327
Event: 2.887 Thread 0x00000000098ce000 Uncommon trap: reason=bimorphic action=maybe_recompile pc=0x0000000001fc9a1c method=com.android.dx.cf.code.BytecodeArray.parseInstruction(ILcom/android/dx/cf/code/BytecodeArray$Visitor;)I @ 1327
Event: 2.887 Thread 0x00000000098ce000 Uncommon trap: reason=bimorphic action=maybe_recompile pc=0x0000000001fc9a1c method=com.android.dx.cf.code.BytecodeArray.parseInstruction(ILcom/android/dx/cf/code/BytecodeArray$Visitor;)I @ 1327
Event: 3.182 Thread 0x0000000001d60800 Uncommon trap: reason=null_check action=make_not_entrant pc=0x0000000002025bdc method=com.android.dx.dex.file.MethodIdsSection.intern(Lcom/android/dx/rop/cst/CstBaseMethodRef;)Lcom/android/dx/dex/file/MethodIdItem; @ 26

Internal exceptions (10 events):
Event: 1.271 Thread 0x0000000001d60800 Threw 0x00000000eb2b83b8 at C:\re\jdk7u79\2331\hotspot\src\share\vm\prims\jvm.cpp:1304
Event: 1.272 Thread 0x0000000001d60800 Threw 0x00000000eb2bddc0 at C:\re\jdk7u79\2331\hotspot\src\share\vm\prims\jvm.cpp:1304
Event: 1.273 Thread 0x0000000001d60800 Threw 0x00000000eb2c34b8 at C:\re\jdk7u79\2331\hotspot\src\share\vm\prims\jvm.cpp:1304
Event: 1.335 Thread 0x0000000001d60800 Threw 0x00000000eb573878 at C:\re\jdk7u79\2331\hotspot\src\share\vm\prims\jvm.cpp:1304
Event: 1.409 Thread 0x0000000001d60800 Threw 0x00000000eb5dec50 at C:\re\jdk7u79\2331\hotspot\src\share\vm\prims\jvm.cpp:1304
Event: 1.472 Thread 0x000000000980a000 Implicit null exception at 0x0000000001f1f2ba to 0x0000000001f204c5
Event: 1.549 Thread 0x0000000001d60800 Implicit null exception at 0x0000000001f33237 to 0x0000000001f33919
Event: 2.467 Thread 0x000000000976d000 Implicit null exception at 0x0000000001f9aed0 to 0x0000000001f9cded
Event: 2.775 Thread 0x000000000980a000 Threw 0x00000000ec547ff0 at C:\re\jdk7u79\2331\hotspot\src\share\vm\prims\jvm.cpp:1304
Event: 3.043 Thread 0x0000000001d60800 Threw 0x00000000eb6a21c0 at C:\re\jdk7u79\2331\hotspot\src\share\vm\prims\jvm.cpp:1304

Events (10 events):
Event: 2.887 Thread 0x00000000098ce000 Uncommon trap: trap_request=0xffffffc6 fr.pc=0x0000000001fc9a1c
Event: 2.887 Thread 0x00000000098ce000 DEOPT PACKING pc=0x0000000001fc9a1c sp=0x000000000a55eaa0
Event: 2.887 Thread 0x00000000098ce000 DEOPT UNPACKING pc=0x0000000001e975a4 sp=0x000000000a55ea48 mode 2
Event: 3.043 loading class 0x0000000007d647f0
Event: 3.043 loading class 0x0000000007d647f0 done
Event: 3.182 Thread 0x0000000001d60800 Uncommon trap: trap_request=0xfffffff4 fr.pc=0x0000000002025bdc
Event: 3.182 Thread 0x0000000001d60800 DEOPT PACKING pc=0x0000000002025bdc sp=0x0000000001d5ec50
Event: 3.182 Thread 0x0000000001d60800 DEOPT UNPACKING pc=0x0000000001e975a4 sp=0x0000000001d5eba8 mode 2
Event: 3.301 Executing VM operation: ParallelGCFailedAllocation
Event: 3.317 Executing VM operation: ParallelGCFailedAllocation done


Dynamic libraries:
0x00007ff620650000 - 0x00007ff620683000 	C:\Program Files\Java\jdk1.7.0_79\bin\java.exe
0x00007ffb7c7b0000 - 0x00007ffb7c95d000 	C:\Windows\SYSTEM32\ntdll.dll
0x00007ffb7c670000 - 0x00007ffb7c7ae000 	C:\Windows\system32\KERNEL32.DLL
0x00007ffb79b30000 - 0x00007ffb79c45000 	C:\Windows\system32\KERNELBASE.dll
0x00007ffb78490000 - 0x00007ffb7851e000 	C:\Windows\system32\apphelp.dll
0x00007ffb688e0000 - 0x00007ffb68933000 	C:\Windows\AppPatch\AppPatch64\AcGenral.DLL
0x00007ffb7c2f0000 - 0x00007ffb7c39a000 	C:\Windows\system32\msvcrt.dll
0x00007ffb799a0000 - 0x00007ffb799ce000 	C:\Windows\system32\SspiCli.dll
0x00007ffb7b7d0000 - 0x00007ffb7b824000 	C:\Windows\system32\SHLWAPI.dll
0x00007ffb7bb10000 - 0x00007ffb7bc87000 	C:\Windows\system32\USER32.dll
0x00007ffb7a100000 - 0x00007ffb7a294000 	C:\Windows\system32\ole32.dll
0x00007ffb7a2a0000 - 0x00007ffb7b7c8000 	C:\Windows\system32\SHELL32.dll
0x00007ffb78e90000 - 0x00007ffb78eb1000 	C:\Windows\SYSTEM32\USERENV.dll
0x00007ffb7c400000 - 0x00007ffb7c4aa000 	C:\Windows\system32\ADVAPI32.dll
0x00007ffb766f0000 - 0x00007ffb7670e000 	C:\Windows\SYSTEM32\MPR.dll
0x00007ffb7c0f0000 - 0x00007ffb7c230000 	C:\Windows\system32\RPCRT4.dll
0x00007ffb7a020000 - 0x00007ffb7a079000 	C:\Windows\SYSTEM32\sechost.dll
0x00007ffb7bd50000 - 0x00007ffb7bf61000 	C:\Windows\SYSTEM32\combase.dll
0x00007ffb7b980000 - 0x00007ffb7bacf000 	C:\Windows\system32\GDI32.dll
0x00007ffb798d0000 - 0x00007ffb798e5000 	C:\Windows\SYSTEM32\profapi.dll
0x00007ffb78120000 - 0x00007ffb781d2000 	C:\Windows\SYSTEM32\SHCORE.dll
0x00007ffb7bad0000 - 0x00007ffb7bb06000 	C:\Windows\system32\IMM32.DLL
0x00007ffb7bf90000 - 0x00007ffb7c0e2000 	C:\Windows\system32\MSCTF.dll
0x00007ffb77ca0000 - 0x00007ffb77f1b000 	C:\Windows\WinSxS\amd64_microsoft.windows.common-controls_6595b64144ccf1df_6.0.9600.18006_none_623f33d3ecbe86e8\COMCTL32.dll
0x0000000071750000 - 0x0000000071822000 	C:\Program Files\Java\jdk1.7.0_79\jre\bin\msvcr100.dll
0x0000000071be0000 - 0x00000000723b5000 	C:\Program Files\Java\jdk1.7.0_79\jre\bin\server\jvm.dll
0x00007ffb6ed20000 - 0x00007ffb6ed29000 	C:\Windows\SYSTEM32\WSOCK32.dll
0x00007ffb713b0000 - 0x00007ffb713d2000 	C:\Windows\SYSTEM32\WINMM.dll
0x00007ffb7a080000 - 0x00007ffb7a087000 	C:\Windows\system32\PSAPI.DLL
0x00007ffb7c3a0000 - 0x00007ffb7c3fa000 	C:\Windows\system32\WS2_32.dll
0x00007ffb71240000 - 0x00007ffb7126a000 	C:\Windows\SYSTEM32\WINMMBASE.dll
0x00007ffb7b970000 - 0x00007ffb7b979000 	C:\Windows\system32\NSI.dll
0x00007ffb79ae0000 - 0x00007ffb79b2f000 	C:\Windows\SYSTEM32\cfgmgr32.dll
0x00007ffb786e0000 - 0x00007ffb78708000 	C:\Windows\SYSTEM32\DEVOBJ.dll
0x0000000071bd0000 - 0x0000000071bdf000 	C:\Program Files\Java\jdk1.7.0_79\jre\bin\verify.dll
0x0000000071ba0000 - 0x0000000071bc8000 	C:\Program Files\Java\jdk1.7.0_79\jre\bin\java.dll
0x0000000071b80000 - 0x0000000071b95000 	C:\Program Files\Java\jdk1.7.0_79\jre\bin\zip.dll
0x0000000071b60000 - 0x0000000071b7a000 	C:\Program Files\Java\jdk1.7.0_79\jre\bin\net.dll
0x00007ffb790c0000 - 0x00007ffb79119000 	C:\Windows\system32\mswsock.dll
0x0000000071b40000 - 0x0000000071b51000 	C:\Program Files\Java\jdk1.7.0_79\jre\bin\nio.dll

VM Arguments:
jvm_args: -Djava.awt.headless=true -Xmx1024M -Dfile.encoding=x-windows-874 -Duser.country=US -Duser.language=en -Duser.variant 
java_command: com.android.dx.command.Main --dex --num-threads=4 --output D:\pro\VanGun\app\build\intermediates\pre-dexed\debug\com.android.support.test.espresso-espresso-core-2.2.2_a44774e76eda87a1563a195a48fdbfcfa914ce24.jar D:\pro\VanGun\app\build\intermediates\exploded-aar\com.android.support.test.espresso\espresso-core\2.2.2\jars\classes.jar
Launcher Type: SUN_STANDARD

Environment Variables:
PATH=C:\ProgramData\Oracle\Java\javapath;C:\Windows\system32;C:\Windows;C:\Windows\System32\Wbem;C:\Windows\System32\WindowsPowerShell\v1.0\;C:\Program Files (x86)\NVIDIA Corporation\PhysX\Common;C:\Program Files (x86)\QuickTime\QTSystem\;C:\Users\user\AppData\Local\atom\bin
USERNAME=user
OS=Windows_NT
PROCESSOR_IDENTIFIER=Intel64 Family 6 Model 58 Stepping 9, GenuineIntel



---------------  S Y S T E M  ---------------

OS: Windows 8.1 , 64 bit Build 9600 

CPU:total 4 (2 cores per cpu, 2 threads per core) family 6 model 58 stepping 9, cmov, cx8, fxsr, mmx, sse, sse2, sse3, ssse3, sse4.1, sse4.2, popcnt, avx, aes, erms, ht, tsc, tscinvbit, tscinv

Memory: 4k page, physical 8271456k(1267640k free), swap 11417184k(5476k free)

vm_info: Java HotSpot(TM) 64-Bit Server VM (24.79-b02) for windows-amd64 JRE (1.7.0_79-b15), built on Apr 10 2015 12:36:16 by "java_re" with unknown MS VC++:1600

time: Tue Apr 18 16:49:03 2017
elapsed time: 3 seconds

