#
# There is insufficient memory for the Java Runtime Environment to continue.
# Native memory allocation (malloc) failed to allocate 539376 bytes for Chunk::new
# Possible reasons:
#   The system is out of physical RAM or swap space
#   In 32 bit mode, the process size limit was hit
# Possible solutions:
#   Reduce memory load on the system
#   Increase physical memory or swap space
#   Check if swap backing store is full
#   Use 64 bit Java on a 64 bit OS
#   Decrease Java heap size (-Xmx/-Xms)
#   Decrease number of Java threads
#   Decrease Java thread stack sizes (-Xss)
#   Set larger code cache with -XX:ReservedCodeCacheSize=
# This output file may be truncated or incomplete.
#
#  Out of Memory Error (allocation.cpp:323), pid=7752, tid=7340
#
# JRE version: Java(TM) SE Runtime Environment (7.0_79-b15) (build 1.7.0_79-b15)
# Java VM: Java HotSpot(TM) 64-Bit Server VM (24.79-b02 mixed mode windows-amd64 compressed oops)
# Failed to write core dump. Minidumps are not enabled by default on client versions of Windows
#

---------------  T H R E A D  ---------------

Current thread (0x0000000008cd8800):  JavaThread "C2 CompilerThread1" daemon [_thread_in_native, id=7340, stack(0x000000000a330000,0x000000000a430000)]

Stack: [0x000000000a330000,0x000000000a430000]

Current CompileTask:
C2:   7440  470   !         com.android.dx.cf.code.Ropper::doit (126 bytes)


---------------  P R O C E S S  ---------------

Java Threads: ( => current thread )
  0x000000000a7ac800 JavaThread "pool-1-thread-4" [_thread_in_Java, id=7204, stack(0x000000000ae30000,0x000000000af30000)]
  0x000000000a82d000 JavaThread "pool-1-thread-3" [_thread_in_Java, id=4588, stack(0x000000000ad30000,0x000000000ae30000)]
  0x000000000a836800 JavaThread "pool-1-thread-2" [_thread_blocked, id=820, stack(0x000000000ac30000,0x000000000ad30000)]
  0x000000000a835800 JavaThread "pool-2-thread-1" [_thread_blocked, id=6432, stack(0x000000000ab30000,0x000000000ac30000)]
  0x000000000a6c9000 JavaThread "pool-1-thread-1" [_thread_blocked, id=7004, stack(0x000000000aa30000,0x000000000ab30000)]
  0x0000000008ce5800 JavaThread "Service Thread" daemon [_thread_blocked, id=1584, stack(0x000000000a430000,0x000000000a530000)]
=>0x0000000008cd8800 JavaThread "C2 CompilerThread1" daemon [_thread_in_native, id=7340, stack(0x000000000a330000,0x000000000a430000)]
  0x0000000008ccf000 JavaThread "C2 CompilerThread0" daemon [_thread_blocked, id=5372, stack(0x000000000a230000,0x000000000a330000)]
  0x0000000008cce000 JavaThread "Attach Listener" daemon [_thread_blocked, id=1872, stack(0x000000000a130000,0x000000000a230000)]
  0x0000000008ccb000 JavaThread "Signal Dispatcher" daemon [_thread_blocked, id=7480, stack(0x000000000a030000,0x000000000a130000)]
  0x0000000008c8e800 JavaThread "Finalizer" daemon [_thread_blocked, id=184, stack(0x0000000009f30000,0x000000000a030000)]
  0x0000000008c85000 JavaThread "Reference Handler" daemon [_thread_blocked, id=7936, stack(0x0000000009e30000,0x0000000009f30000)]
  0x0000000002bf0800 JavaThread "main" [_thread_in_vm, id=7816, stack(0x0000000001390000,0x0000000001490000)]

Other Threads:
  0x0000000008c81000 VMThread [stack: 0x0000000009d30000,0x0000000009e30000] [id=32]
  0x0000000008cf3800 WatcherThread [stack: 0x000000000a530000,0x000000000a630000] [id=2092]

VM state:not at safepoint (normal execution)

VM Mutex/Monitor currently owned by a thread: None

Heap
 PSYoungGen      total 71680K, used 47821K [0x00000000eaa80000, 0x00000000ef580000, 0x0000000100000000)
  eden space 66560K, 64% used [0x00000000eaa80000,0x00000000ed434b08,0x00000000eeb80000)
  from space 5120K, 99% used [0x00000000ef080000,0x00000000ef57eaa8,0x00000000ef580000)
  to   space 5120K, 0% used [0x00000000eeb80000,0x00000000eeb80000,0x00000000ef080000)
 ParOldGen       total 86016K, used 5290K [0x00000000c0000000, 0x00000000c5400000, 0x00000000eaa80000)
  object space 86016K, 6% used [0x00000000c0000000,0x00000000c052a8d0,0x00000000c5400000)
 PSPermGen       total 21504K, used 5955K [0x00000000bae00000, 0x00000000bc300000, 0x00000000c0000000)
  object space 21504K, 27% used [0x00000000bae00000,0x00000000bb3d0c20,0x00000000bc300000)

Card table byte_map: [0x0000000005ef0000,0x0000000006120000] byte_map_base: 0x0000000005919000

Polling page: 0x0000000001490000

Code Cache  [0x0000000002ef0000, 0x0000000003160000, 0x0000000005ef0000)
 total_blobs=707 nmethods=470 adapters=189 free_code_cache=47274Kb largest_free_block=48374272

Compilation events (10 events):
Event: 7.414 Thread 0x0000000008cd8800 nmethod 467 0x0000000003075ad0 code [0x0000000003075c00, 0x0000000003075cb8]
Event: 7.416 Thread 0x0000000008ccf000  468             com.android.dx.cf.code.OneLocalsArray::<init> (22 bytes)
Event: 7.416 Thread 0x0000000008cd8800  469             com.android.dx.cf.code.LocalsArray::<init> (6 bytes)
Event: 7.417 Thread 0x0000000008cd8800 nmethod 469 0x00000000030c6b50 code [0x00000000030c6c80, 0x00000000030c6cd8]
Event: 7.417 Thread 0x0000000008cd8800  470   !         com.android.dx.cf.code.Ropper::doit (126 bytes)
Event: 7.417 Thread 0x0000000008ccf000 nmethod 468 0x00000000030bbbd0 code [0x00000000030bbd20, 0x00000000030bbe38]
Event: 7.426 Thread 0x0000000008ccf000  471             com.android.dx.cf.direct.DirectClassFile::getConstantPool (9 bytes)
Event: 7.427 Thread 0x0000000008ccf000 nmethod 471 0x00000000030bb950 code [0x00000000030bbaa0, 0x00000000030bbb28]
Event: 7.431 Thread 0x0000000008ccf000  472             java.util.TreeMap$PrivateEntryIterator::hasNext (13 bytes)
Event: 7.432 Thread 0x0000000008ccf000 nmethod 472 0x00000000030bb750 code [0x00000000030bb880, 0x00000000030bb8d8]

GC Heap History (4 events):
Event: 4.759 GC heap before
{Heap before GC invocations=1 (full 0):
 PSYoungGen      total 38400K, used 33280K [0x00000000eaa80000, 0x00000000ed500000, 0x0000000100000000)
  eden space 33280K, 100% used [0x00000000eaa80000,0x00000000ecb00000,0x00000000ecb00000)
  from space 5120K, 0% used [0x00000000ed000000,0x00000000ed000000,0x00000000ed500000)
  to   space 5120K, 0% used [0x00000000ecb00000,0x00000000ecb00000,0x00000000ed000000)
 ParOldGen       total 86016K, used 0K [0x00000000c0000000, 0x00000000c5400000, 0x00000000eaa80000)
  object space 86016K, 0% used [0x00000000c0000000,0x00000000c0000000,0x00000000c5400000)
 PSPermGen       total 21504K, used 5833K [0x00000000bae00000, 0x00000000bc300000, 0x00000000c0000000)
  object space 21504K, 27% used [0x00000000bae00000,0x00000000bb3b26b0,0x00000000bc300000)
Event: 5.194 GC heap after
Heap after GC invocations=1 (full 0):
 PSYoungGen      total 38400K, used 5111K [0x00000000eaa80000, 0x00000000ef580000, 0x0000000100000000)
  eden space 33280K, 0% used [0x00000000eaa80000,0x00000000eaa80000,0x00000000ecb00000)
  from space 5120K, 99% used [0x00000000ecb00000,0x00000000ecffdc88,0x00000000ed000000)
  to   space 5120K, 0% used [0x00000000ef080000,0x00000000ef080000,0x00000000ef580000)
 ParOldGen       total 86016K, used 937K [0x00000000c0000000, 0x00000000c5400000, 0x00000000eaa80000)
  object space 86016K, 1% used [0x00000000c0000000,0x00000000c00ea520,0x00000000c5400000)
 PSPermGen       total 21504K, used 5833K [0x00000000bae00000, 0x00000000bc300000, 0x00000000c0000000)
  object space 21504K, 27% used [0x00000000bae00000,0x00000000bb3b26b0,0x00000000bc300000)
}
Event: 6.571 GC heap before
{Heap before GC invocations=2 (full 0):
 PSYoungGen      total 38400K, used 38391K [0x00000000eaa80000, 0x00000000ef580000, 0x0000000100000000)
  eden space 33280K, 100% used [0x00000000eaa80000,0x00000000ecb00000,0x00000000ecb00000)
  from space 5120K, 99% used [0x00000000ecb00000,0x00000000ecffdc88,0x00000000ed000000)
  to   space 5120K, 0% used [0x00000000ef080000,0x00000000ef080000,0x00000000ef580000)
 ParOldGen       total 86016K, used 937K [0x00000000c0000000, 0x00000000c5400000, 0x00000000eaa80000)
  object space 86016K, 1% used [0x00000000c0000000,0x00000000c00ea520,0x00000000c5400000)
 PSPermGen       total 21504K, used 5913K [0x00000000bae00000, 0x00000000bc300000, 0x00000000c0000000)
  object space 21504K, 27% used [0x00000000bae00000,0x00000000bb3c6740,0x00000000bc300000)
Event: 6.709 GC heap after
Heap after GC invocations=2 (full 0):
 PSYoungGen      total 71680K, used 5114K [0x00000000eaa80000, 0x00000000ef580000, 0x0000000100000000)
  eden space 66560K, 0% used [0x00000000eaa80000,0x00000000eaa80000,0x00000000eeb80000)
  from space 5120K, 99% used [0x00000000ef080000,0x00000000ef57eaa8,0x00000000ef580000)
  to   space 5120K, 0% used [0x00000000eeb80000,0x00000000eeb80000,0x00000000ef080000)
 ParOldGen       total 86016K, used 5290K [0x00000000c0000000, 0x00000000c5400000, 0x00000000eaa80000)
  object space 86016K, 6% used [0x00000000c0000000,0x00000000c052a8d0,0x00000000c5400000)
 PSPermGen       total 21504K, used 5913K [0x00000000bae00000, 0x00000000bc300000, 0x00000000c0000000)
  object space 21504K, 27% used [0x00000000bae00000,0x00000000bb3c6740,0x00000000bc300000)
}

Deoptimization events (10 events):
Event: 2.905 Thread 0x000000000a836800 Uncommon trap: reason=null_check action=make_not_entrant pc=0x0000000002f7c8b4 method=com.android.dx.rop.code.LocalItem.equals(Ljava/lang/Object;)Z @ 1
Event: 5.287 Thread 0x000000000a6c9000 Uncommon trap: reason=null_check action=make_not_entrant pc=0x0000000002faf5c4 method=com.android.dx.ssa.SsaRenamer.getLocalForNewReg(I)Lcom/android/dx/rop/code/LocalItem; @ 19
Event: 5.290 Thread 0x000000000a6c9000 Uncommon trap: reason=unreached action=reinterpret pc=0x0000000002fc97f0 method=com.android.dx.rop.code.LocalVariableExtractor.processBlock(I)V @ 195
Event: 5.639 Thread 0x000000000a6c9000 Uncommon trap: reason=unreached action=reinterpret pc=0x0000000002fa7514 method=com.android.dx.ssa.LocalVariableExtractor.processBlock(I)V @ 251
Event: 5.946 Thread 0x0000000002bf0800 Uncommon trap: reason=null_check action=make_not_entrant pc=0x0000000003030a24 method=com.android.dx.rop.type.Type.putIntern(Lcom/android/dx/rop/type/Type;)Lcom/android/dx/rop/type/Type; @ 18
Event: 6.788 Thread 0x000000000a82d000 Uncommon trap: reason=null_check action=make_not_entrant pc=0x000000000307cea4 method=com.android.dx.dex.file.MethodIdsSection.intern(Lcom/android/dx/rop/cst/CstBaseMethodRef;)Lcom/android/dx/dex/file/MethodIdItem; @ 26
Event: 6.813 Thread 0x000000000a82d000 Uncommon trap: reason=null_check action=make_not_entrant pc=0x0000000002f9f7d0 method=com.android.dx.rop.type.Type.equals(Ljava/lang/Object;)Z @ 8
Event: 7.065 Thread 0x000000000a6c9000 Uncommon trap: reason=class_check action=maybe_recompile pc=0x0000000002fc0cb8 method=java.util.HashMap.put(Ljava/lang/Object;Ljava/lang/Object;)Ljava/lang/Object; @ 83
Event: 7.220 Thread 0x000000000a6c9000 Uncommon trap: reason=class_check action=maybe_recompile pc=0x0000000002fc0cb8 method=java.util.HashMap.put(Ljava/lang/Object;Ljava/lang/Object;)Ljava/lang/Object; @ 83
Event: 7.318 Thread 0x000000000a6c9000 Uncommon trap: reason=unreached action=reinterpret pc=0x0000000002f86304 method=com.android.dx.rop.cst.Constant.compareTo(Lcom/android/dx/rop/cst/Constant;)I @ 12

Internal exceptions (10 events):
Event: 2.520 Thread 0x000000000a836800 Threw 0x00000000eb7397b0 at C:\re\jdk7u79\2331\hotspot\src\share\vm\prims\jvm.cpp:1304
Event: 2.524 Thread 0x000000000a836800 Threw 0x00000000eb7408e8 at C:\re\jdk7u79\2331\hotspot\src\share\vm\prims\jvm.cpp:1304
Event: 2.620 Thread 0x0000000002bf0800 Threw 0x00000000eb8bb770 at C:\re\jdk7u79\2331\hotspot\src\share\vm\prims\jvm.cpp:1304
Event: 2.905 Thread 0x000000000a836800 Implicit null exception at 0x0000000002f7c55b to 0x0000000002f7c8a1
Event: 5.217 Thread 0x0000000002bf0800 Threw 0x00000000eac28050 at C:\re\jdk7u79\2331\hotspot\src\share\vm\prims\jvm.cpp:1304
Event: 5.287 Thread 0x000000000a6c9000 Implicit null exception at 0x0000000002fae242 to 0x0000000002faf599
Event: 5.946 Thread 0x0000000002bf0800 Implicit null exception at 0x0000000003030333 to 0x0000000003030a15
Event: 6.813 Thread 0x000000000a82d000 Implicit null exception at 0x0000000002f9f6d2 to 0x0000000002f9f7c2
Event: 6.840 Thread 0x000000000a836800 Threw 0x00000000eaf76000 at C:\re\jdk7u79\2331\hotspot\src\share\vm\prims\jvm.cpp:1304
Event: 7.038 Thread 0x000000000a7ac800 Threw 0x00000000eb9d86b8 at C:\re\jdk7u79\2331\hotspot\src\share\vm\prims\jvm.cpp:1304

Events (10 events):
Event: 7.038 loading class 0x000000000a874e90 done
Event: 7.065 Thread 0x000000000a6c9000 Uncommon trap: trap_request=0xffffffde fr.pc=0x0000000002fc0cb8
Event: 7.065 Thread 0x000000000a6c9000 DEOPT PACKING pc=0x0000000002fc0cb8 sp=0x000000000ab2e6a0
Event: 7.065 Thread 0x000000000a6c9000 DEOPT UNPACKING pc=0x0000000002f275a4 sp=0x000000000ab2e630 mode 2
Event: 7.220 Thread 0x000000000a6c9000 Uncommon trap: trap_request=0xffffffde fr.pc=0x0000000002fc0cb8
Event: 7.220 Thread 0x000000000a6c9000 DEOPT PACKING pc=0x0000000002fc0cb8 sp=0x000000000ab2e690
Event: 7.220 Thread 0x000000000a6c9000 DEOPT UNPACKING pc=0x0000000002f275a4 sp=0x000000000ab2e620 mode 2
Event: 7.318 Thread 0x000000000a6c9000 Uncommon trap: trap_request=0xffffffad fr.pc=0x0000000002f86304
Event: 7.318 Thread 0x000000000a6c9000 DEOPT PACKING pc=0x0000000002f86304 sp=0x000000000ab2e4a0
Event: 7.318 Thread 0x000000000a6c9000 DEOPT UNPACKING pc=0x0000000002f275a4 sp=0x000000000ab2e440 mode 2


Dynamic libraries:
0x00007ff620650000 - 0x00007ff620683000 	C:\Program Files\Java\jdk1.7.0_79\bin\java.exe
0x00007ffb7c7b0000 - 0x00007ffb7c95d000 	C:\Windows\SYSTEM32\ntdll.dll
0x00007ffb7c670000 - 0x00007ffb7c7ae000 	C:\Windows\system32\KERNEL32.DLL
0x00007ffb79b30000 - 0x00007ffb79c45000 	C:\Windows\system32\KERNELBASE.dll
0x00007ffb78490000 - 0x00007ffb7851e000 	C:\Windows\system32\apphelp.dll
0x00007ffb688e0000 - 0x00007ffb68933000 	C:\Windows\AppPatch\AppPatch64\AcGenral.DLL
0x00007ffb7c2f0000 - 0x00007ffb7c39a000 	C:\Windows\system32\msvcrt.dll
0x00007ffb799a0000 - 0x00007ffb799ce000 	C:\Windows\system32\SspiCli.dll
0x00007ffb7b7d0000 - 0x00007ffb7b824000 	C:\Windows\system32\SHLWAPI.dll
0x00007ffb7bb10000 - 0x00007ffb7bc87000 	C:\Windows\system32\USER32.dll
0x00007ffb7a100000 - 0x00007ffb7a294000 	C:\Windows\system32\ole32.dll
0x00007ffb7a2a0000 - 0x00007ffb7b7c8000 	C:\Windows\system32\SHELL32.dll
0x00007ffb78e90000 - 0x00007ffb78eb1000 	C:\Windows\SYSTEM32\USERENV.dll
0x00007ffb7c400000 - 0x00007ffb7c4aa000 	C:\Windows\system32\ADVAPI32.dll
0x00007ffb766f0000 - 0x00007ffb7670e000 	C:\Windows\SYSTEM32\MPR.dll
0x00007ffb7c0f0000 - 0x00007ffb7c230000 	C:\Windows\system32\RPCRT4.dll
0x00007ffb7a020000 - 0x00007ffb7a079000 	C:\Windows\SYSTEM32\sechost.dll
0x00007ffb7bd50000 - 0x00007ffb7bf61000 	C:\Windows\SYSTEM32\combase.dll
0x00007ffb7b980000 - 0x00007ffb7bacf000 	C:\Windows\system32\GDI32.dll
0x00007ffb798d0000 - 0x00007ffb798e5000 	C:\Windows\SYSTEM32\profapi.dll
0x00007ffb78120000 - 0x00007ffb781d2000 	C:\Windows\SYSTEM32\SHCORE.dll
0x00007ffb7bad0000 - 0x00007ffb7bb06000 	C:\Windows\system32\IMM32.DLL
0x00007ffb7bf90000 - 0x00007ffb7c0e2000 	C:\Windows\system32\MSCTF.dll
0x00007ffb77ca0000 - 0x00007ffb77f1b000 	C:\Windows\WinSxS\amd64_microsoft.windows.common-controls_6595b64144ccf1df_6.0.9600.18006_none_623f33d3ecbe86e8\COMCTL32.dll
0x0000000071750000 - 0x0000000071822000 	C:\Program Files\Java\jdk1.7.0_79\jre\bin\msvcr100.dll
0x0000000071be0000 - 0x00000000723b5000 	C:\Program Files\Java\jdk1.7.0_79\jre\bin\server\jvm.dll
0x00007ffb6ed20000 - 0x00007ffb6ed29000 	C:\Windows\SYSTEM32\WSOCK32.dll
0x00007ffb713b0000 - 0x00007ffb713d2000 	C:\Windows\SYSTEM32\WINMM.dll
0x00007ffb7a080000 - 0x00007ffb7a087000 	C:\Windows\system32\PSAPI.DLL
0x00007ffb7c3a0000 - 0x00007ffb7c3fa000 	C:\Windows\system32\WS2_32.dll
0x00007ffb71240000 - 0x00007ffb7126a000 	C:\Windows\SYSTEM32\WINMMBASE.dll
0x00007ffb7b970000 - 0x00007ffb7b979000 	C:\Windows\system32\NSI.dll
0x00007ffb79ae0000 - 0x00007ffb79b2f000 	C:\Windows\SYSTEM32\cfgmgr32.dll
0x00007ffb786e0000 - 0x00007ffb78708000 	C:\Windows\SYSTEM32\DEVOBJ.dll
0x0000000071bd0000 - 0x0000000071bdf000 	C:\Program Files\Java\jdk1.7.0_79\jre\bin\verify.dll
0x0000000071ba0000 - 0x0000000071bc8000 	C:\Program Files\Java\jdk1.7.0_79\jre\bin\java.dll
0x0000000071b80000 - 0x0000000071b95000 	C:\Program Files\Java\jdk1.7.0_79\jre\bin\zip.dll
0x0000000071b60000 - 0x0000000071b7a000 	C:\Program Files\Java\jdk1.7.0_79\jre\bin\net.dll
0x00007ffb790c0000 - 0x00007ffb79119000 	C:\Windows\system32\mswsock.dll
0x0000000071b40000 - 0x0000000071b51000 	C:\Program Files\Java\jdk1.7.0_79\jre\bin\nio.dll

VM Arguments:
jvm_args: -Djava.awt.headless=true -Xmx1024M -Dfile.encoding=x-windows-874 -Duser.country=US -Duser.language=en -Duser.variant 
java_command: com.android.dx.command.Main --dex --num-threads=4 --output D:\pro\VanGun\app\build\intermediates\pre-dexed\debug\junit-4.12_933bc758c6587ce6d05f58c444f41c3cf62ae0ed.jar C:\Users\user\.gradle\caches\modules-2\files-2.1\junit\junit\4.12\2973d150c0dc1fefe998f834810d68f278ea58ec\junit-4.12.jar
Launcher Type: SUN_STANDARD

Environment Variables:
PATH=C:\ProgramData\Oracle\Java\javapath;C:\Windows\system32;C:\Windows;C:\Windows\System32\Wbem;C:\Windows\System32\WindowsPowerShell\v1.0\;C:\Program Files (x86)\NVIDIA Corporation\PhysX\Common;C:\Program Files (x86)\QuickTime\QTSystem\;C:\Users\user\AppData\Local\atom\bin
USERNAME=user
OS=Windows_NT
PROCESSOR_IDENTIFIER=Intel64 Family 6 Model 58 Stepping 9, GenuineIntel



---------------  S Y S T E M  ---------------

OS: Windows 8.1 , 64 bit Build 9600 

CPU:total 4 (2 cores per cpu, 2 threads per core) family 6 model 58 stepping 9, cmov, cx8, fxsr, mmx, sse, sse2, sse3, ssse3, sse4.1, sse4.2, popcnt, avx, aes, erms, ht, tsc, tscinvbit, tscinv

Memory: 4k page, physical 8271456k(1107892k free), swap 11417184k(5148k free)

vm_info: Java HotSpot(TM) 64-Bit Server VM (24.79-b02) for windows-amd64 JRE (1.7.0_79-b15), built on Apr 10 2015 12:36:16 by "java_re" with unknown MS VC++:1600

time: Tue Apr 18 16:47:51 2017
elapsed time: 7 seconds

