#
# There is insufficient memory for the Java Runtime Environment to continue.
# Native memory allocation (malloc) failed to allocate 573216 bytes for Chunk::new
# Possible reasons:
#   The system is out of physical RAM or swap space
#   In 32 bit mode, the process size limit was hit
# Possible solutions:
#   Reduce memory load on the system
#   Increase physical memory or swap space
#   Check if swap backing store is full
#   Use 64 bit Java on a 64 bit OS
#   Decrease Java heap size (-Xmx/-Xms)
#   Decrease number of Java threads
#   Decrease Java thread stack sizes (-Xss)
#   Set larger code cache with -XX:ReservedCodeCacheSize=
# This output file may be truncated or incomplete.
#
#  Out of Memory Error (allocation.cpp:323), pid=3324, tid=6628
#
# JRE version: Java(TM) SE Runtime Environment (7.0_79-b15) (build 1.7.0_79-b15)
# Java VM: Java HotSpot(TM) 64-Bit Server VM (24.79-b02 mixed mode windows-amd64 compressed oops)
# Failed to write core dump. Minidumps are not enabled by default on client versions of Windows
#

---------------  T H R E A D  ---------------

Current thread (0x0000000008867000):  JavaThread "C2 CompilerThread1" daemon [_thread_in_native, id=6628, stack(0x0000000009ee0000,0x0000000009fe0000)]

Stack: [0x0000000009ee0000,0x0000000009fe0000]

Current CompileTask:
C2:   3080  400             com.android.dx.ssa.ConstCollector::getConstsSortedByCountUse (386 bytes)


---------------  P R O C E S S  ---------------

Java Threads: ( => current thread )
  0x0000000008867800 JavaThread "Service Thread" daemon [_thread_blocked, id=4804, stack(0x0000000009fe0000,0x000000000a0e0000)]
=>0x0000000008867000 JavaThread "C2 CompilerThread1" daemon [_thread_in_native, id=6628, stack(0x0000000009ee0000,0x0000000009fe0000)]
  0x0000000008865000 JavaThread "C2 CompilerThread0" daemon [_thread_in_native, id=4968, stack(0x0000000009de0000,0x0000000009ee0000)]
  0x0000000008864800 JavaThread "Attach Listener" daemon [_thread_blocked, id=7856, stack(0x0000000009ce0000,0x0000000009de0000)]
  0x0000000008861800 JavaThread "Signal Dispatcher" daemon [_thread_blocked, id=6272, stack(0x0000000009be0000,0x0000000009ce0000)]
  0x000000000882e800 JavaThread "Finalizer" daemon [_thread_blocked, id=3996, stack(0x0000000009ae0000,0x0000000009be0000)]
  0x0000000008825000 JavaThread "Reference Handler" daemon [_thread_blocked, id=7676, stack(0x00000000099e0000,0x0000000009ae0000)]
  0x0000000002990800 JavaThread "main" [_thread_in_Java, id=3720, stack(0x0000000002890000,0x0000000002990000)]

Other Threads:
  0x0000000008821000 VMThread [stack: 0x00000000098e0000,0x00000000099e0000] [id=7372]
  0x000000000888a800 WatcherThread [stack: 0x000000000a0e0000,0x000000000a1e0000] [id=7496]

VM state:not at safepoint (normal execution)

VM Mutex/Monitor currently owned by a thread: None

Heap
 PSYoungGen      total 71680K, used 6923K [0x00000000eaa80000, 0x00000000f3680000, 0x0000000100000000)
  eden space 66560K, 2% used [0x00000000eaa80000,0x00000000eac4ac50,0x00000000eeb80000)
  from space 5120K, 99% used [0x00000000eeb80000,0x00000000ef078038,0x00000000ef080000)
  to   space 5120K, 0% used [0x00000000f3180000,0x00000000f3180000,0x00000000f3680000)
 ParOldGen       total 86016K, used 17033K [0x00000000c0000000, 0x00000000c5400000, 0x00000000eaa80000)
  object space 86016K, 19% used [0x00000000c0000000,0x00000000c10a27f8,0x00000000c5400000)
 PSPermGen       total 21504K, used 6029K [0x00000000bae00000, 0x00000000bc300000, 0x00000000c0000000)
  object space 21504K, 28% used [0x00000000bae00000,0x00000000bb3e3730,0x00000000bc300000)

Card table byte_map: [0x0000000005a90000,0x0000000005cc0000] byte_map_base: 0x00000000054b9000

Polling page: 0x0000000000e60000

Code Cache  [0x0000000002a90000, 0x0000000002d00000, 0x0000000005a90000)
 total_blobs=635 nmethods=399 adapters=188 free_code_cache=47485Kb largest_free_block=48587776

Compilation events (10 events):
Event: 2.989 Thread 0x0000000008867000 nmethod 395 0x0000000002c1f0d0 code [0x0000000002c1f240, 0x0000000002c1f418]
Event: 2.989 Thread 0x0000000008867000  396             com.android.dx.ssa.SetFactory::makeDomFrontSet (26 bytes)
Event: 2.991 Thread 0x0000000008867000 nmethod 396 0x0000000002c1a190 code [0x0000000002c1a2e0, 0x0000000002c1a458]
Event: 2.991 Thread 0x0000000008867000  397             com.android.dx.rop.type.Type::compareTo (9 bytes)
Event: 2.992 Thread 0x0000000008867000 nmethod 397 0x0000000002c19d90 code [0x0000000002c19ee0, 0x0000000002c1a058]
Event: 2.992 Thread 0x0000000008867000  398             com.android.dx.ssa.SsaConverter::edgeSplitPredecessors (44 bytes)
Event: 3.041 Thread 0x0000000008867000 nmethod 398 0x0000000002c20510 code [0x0000000002c206e0, 0x0000000002c20d60]
Event: 3.041 Thread 0x0000000008867000  399             com.android.dx.cf.code.Simulator$SimVisitor::setPreviousOffset (6 bytes)
Event: 3.041 Thread 0x0000000008867000 nmethod 399 0x0000000002c1ee50 code [0x0000000002c1ef80, 0x0000000002c1efd8]
Event: 3.041 Thread 0x0000000008867000  400             com.android.dx.ssa.ConstCollector::getConstsSortedByCountUse (386 bytes)

GC Heap History (6 events):
Event: 1.323 GC heap before
{Heap before GC invocations=1 (full 0):
 PSYoungGen      total 38400K, used 33280K [0x00000000eaa80000, 0x00000000ed500000, 0x0000000100000000)
  eden space 33280K, 100% used [0x00000000eaa80000,0x00000000ecb00000,0x00000000ecb00000)
  from space 5120K, 0% used [0x00000000ed000000,0x00000000ed000000,0x00000000ed500000)
  to   space 5120K, 0% used [0x00000000ecb00000,0x00000000ecb00000,0x00000000ed000000)
 ParOldGen       total 86016K, used 0K [0x00000000c0000000, 0x00000000c5400000, 0x00000000eaa80000)
  object space 86016K, 0% used [0x00000000c0000000,0x00000000c0000000,0x00000000c5400000)
 PSPermGen       total 21504K, used 5867K [0x00000000bae00000, 0x00000000bc300000, 0x00000000c0000000)
  object space 21504K, 27% used [0x00000000bae00000,0x00000000bb3badf0,0x00000000bc300000)
Event: 1.344 GC heap after
Heap after GC invocations=1 (full 0):
 PSYoungGen      total 38400K, used 5111K [0x00000000eaa80000, 0x00000000ef580000, 0x0000000100000000)
  eden space 33280K, 0% used [0x00000000eaa80000,0x00000000eaa80000,0x00000000ecb00000)
  from space 5120K, 99% used [0x00000000ecb00000,0x00000000ecffdc78,0x00000000ed000000)
  to   space 5120K, 0% used [0x00000000ef080000,0x00000000ef080000,0x00000000ef580000)
 ParOldGen       total 86016K, used 1485K [0x00000000c0000000, 0x00000000c5400000, 0x00000000eaa80000)
  object space 86016K, 1% used [0x00000000c0000000,0x00000000c0173740,0x00000000c5400000)
 PSPermGen       total 21504K, used 5867K [0x00000000bae00000, 0x00000000bc300000, 0x00000000c0000000)
  object space 21504K, 27% used [0x00000000bae00000,0x00000000bb3badf0,0x00000000bc300000)
}
Event: 2.052 GC heap before
{Heap before GC invocations=2 (full 0):
 PSYoungGen      total 38400K, used 38391K [0x00000000eaa80000, 0x00000000ef580000, 0x0000000100000000)
  eden space 33280K, 100% used [0x00000000eaa80000,0x00000000ecb00000,0x00000000ecb00000)
  from space 5120K, 99% used [0x00000000ecb00000,0x00000000ecffdc78,0x00000000ed000000)
  to   space 5120K, 0% used [0x00000000ef080000,0x00000000ef080000,0x00000000ef580000)
 ParOldGen       total 86016K, used 1485K [0x00000000c0000000, 0x00000000c5400000, 0x00000000eaa80000)
  object space 86016K, 1% used [0x00000000c0000000,0x00000000c0173740,0x00000000c5400000)
 PSPermGen       total 21504K, used 5939K [0x00000000bae00000, 0x00000000bc300000, 0x00000000c0000000)
  object space 21504K, 27% used [0x00000000bae00000,0x00000000bb3ccef8,0x00000000bc300000)
Event: 2.075 GC heap after
Heap after GC invocations=2 (full 0):
 PSYoungGen      total 71680K, used 5114K [0x00000000eaa80000, 0x00000000ef580000, 0x0000000100000000)
  eden space 66560K, 0% used [0x00000000eaa80000,0x00000000eaa80000,0x00000000eeb80000)
  from space 5120K, 99% used [0x00000000ef080000,0x00000000ef57eaa8,0x00000000ef580000)
  to   space 5120K, 0% used [0x00000000eeb80000,0x00000000eeb80000,0x00000000ef080000)
 ParOldGen       total 86016K, used 6167K [0x00000000c0000000, 0x00000000c5400000, 0x00000000eaa80000)
  object space 86016K, 7% used [0x00000000c0000000,0x00000000c0605d30,0x00000000c5400000)
 PSPermGen       total 21504K, used 5939K [0x00000000bae00000, 0x00000000bc300000, 0x00000000c0000000)
  object space 21504K, 27% used [0x00000000bae00000,0x00000000bb3ccef8,0x00000000bc300000)
}
Event: 2.997 GC heap before
{Heap before GC invocations=3 (full 0):
 PSYoungGen      total 71680K, used 71674K [0x00000000eaa80000, 0x00000000ef580000, 0x0000000100000000)
  eden space 66560K, 100% used [0x00000000eaa80000,0x00000000eeb80000,0x00000000eeb80000)
  from space 5120K, 99% used [0x00000000ef080000,0x00000000ef57eaa8,0x00000000ef580000)
  to   space 5120K, 0% used [0x00000000eeb80000,0x00000000eeb80000,0x00000000ef080000)
 ParOldGen       total 86016K, used 6167K [0x00000000c0000000, 0x00000000c5400000, 0x00000000eaa80000)
  object space 86016K, 7% used [0x00000000c0000000,0x00000000c0605d30,0x00000000c5400000)
 PSPermGen       total 21504K, used 6011K [0x00000000bae00000, 0x00000000bc300000, 0x00000000c0000000)
  object space 21504K, 27% used [0x00000000bae00000,0x00000000bb3dec18,0x00000000bc300000)
Event: 3.034 GC heap after
Heap after GC invocations=3 (full 0):
 PSYoungGen      total 71680K, used 5088K [0x00000000eaa80000, 0x00000000f3680000, 0x0000000100000000)
  eden space 66560K, 0% used [0x00000000eaa80000,0x00000000eaa80000,0x00000000eeb80000)
  from space 5120K, 99% used [0x00000000eeb80000,0x00000000ef078038,0x00000000ef080000)
  to   space 5120K, 0% used [0x00000000f3180000,0x00000000f3180000,0x00000000f3680000)
 ParOldGen       total 86016K, used 17033K [0x00000000c0000000, 0x00000000c5400000, 0x00000000eaa80000)
  object space 86016K, 19% used [0x00000000c0000000,0x00000000c10a27f8,0x00000000c5400000)
 PSPermGen       total 21504K, used 6011K [0x00000000bae00000, 0x00000000bc300000, 0x00000000c0000000)
  object space 21504K, 27% used [0x00000000bae00000,0x00000000bb3dec18,0x00000000bc300000)
}

Deoptimization events (10 events):
Event: 2.347 Thread 0x0000000002990800 Uncommon trap: reason=unreached action=reinterpret pc=0x0000000002bbd76c method=com.android.dx.ssa.MoveParamCombiner$1.visitNonMoveInsn(Lcom/android/dx/ssa/NormalSsaInsn;)V @ 27
Event: 2.360 Thread 0x0000000002990800 Uncommon trap: reason=null_check action=make_not_entrant pc=0x0000000002bd86ac method=com.android.dx.rop.type.Type.putIntern(Lcom/android/dx/rop/type/Type;)Lcom/android/dx/rop/type/Type; @ 18
Event: 2.461 Thread 0x000000000a40e000 Uncommon trap: reason=bimorphic action=maybe_recompile pc=0x0000000002bc1d38 method=com.android.dx.cf.code.BytecodeArray.parseInstruction(ILcom/android/dx/cf/code/BytecodeArray$Visitor;)I @ 2281
Event: 2.461 Thread 0x000000000a40e000 Uncommon trap: reason=bimorphic action=maybe_recompile pc=0x0000000002bc1d38 method=com.android.dx.cf.code.BytecodeArray.parseInstruction(ILcom/android/dx/cf/code/BytecodeArray$Visitor;)I @ 2281
Event: 2.498 Thread 0x000000000a409000 Uncommon trap: reason=class_check action=maybe_recompile pc=0x0000000002bb0d38 method=java.util.HashMap.put(Ljava/lang/Object;Ljava/lang/Object;)Ljava/lang/Object; @ 83
Event: 2.499 Thread 0x000000000a409000 Uncommon trap: reason=class_check action=maybe_recompile pc=0x0000000002bb0d38 method=java.util.HashMap.put(Ljava/lang/Object;Ljava/lang/Object;)Ljava/lang/Object; @ 83
Event: 2.589 Thread 0x000000000a409000 Uncommon trap: reason=bimorphic action=maybe_recompile pc=0x0000000002bc1d38 method=com.android.dx.cf.code.BytecodeArray.parseInstruction(ILcom/android/dx/cf/code/BytecodeArray$Visitor;)I @ 2281
Event: 2.589 Thread 0x000000000a409000 Uncommon trap: reason=bimorphic action=maybe_recompile pc=0x0000000002bc1d38 method=com.android.dx.cf.code.BytecodeArray.parseInstruction(ILcom/android/dx/cf/code/BytecodeArray$Visitor;)I @ 2281
Event: 2.773 Thread 0x000000000a409000 Uncommon trap: reason=class_check action=maybe_recompile pc=0x0000000002bb0d38 method=java.util.HashMap.put(Ljava/lang/Object;Ljava/lang/Object;)Ljava/lang/Object; @ 83
Event: 2.773 Thread 0x000000000a409000 Uncommon trap: reason=class_check action=maybe_recompile pc=0x0000000002bb0d38 method=java.util.HashMap.put(Ljava/lang/Object;Ljava/lang/Object;)Ljava/lang/Object; @ 83

Internal exceptions (10 events):
Event: 1.108 Thread 0x000000000a40e000 Threw 0x00000000ec0d6a60 at C:\re\jdk7u79\2331\hotspot\src\share\vm\prims\jvm.cpp:1304
Event: 1.119 Thread 0x0000000002990800 Threw 0x00000000ec187620 at C:\re\jdk7u79\2331\hotspot\src\share\vm\prims\jvm.cpp:1304
Event: 1.121 Thread 0x0000000002990800 Threw 0x00000000ec194ae0 at C:\re\jdk7u79\2331\hotspot\src\share\vm\prims\jvm.cpp:1304
Event: 1.907 Thread 0x0000000002990800 Threw 0x00000000ec3db670 at C:\re\jdk7u79\2331\hotspot\src\share\vm\prims\jvm.cpp:1304
Event: 1.942 Thread 0x000000000a40e000 Implicit null exception at 0x0000000002ba0190 to 0x0000000002ba23c9
Event: 1.979 Thread 0x0000000002990800 Threw 0x00000000ec7447a8 at C:\re\jdk7u79\2331\hotspot\src\share\vm\prims\jvm.cpp:1304
Event: 2.360 Thread 0x0000000002990800 Implicit null exception at 0x0000000002bd7f9b to 0x0000000002bd869d
Event: 2.559 Thread 0x000000000a40e000 Threw 0x00000000ecec5380 at C:\re\jdk7u79\2331\hotspot\src\share\vm\prims\jvm.cpp:1304
Event: 2.701 Thread 0x0000000002990800 Threw 0x00000000ed548640 at C:\re\jdk7u79\2331\hotspot\src\share\vm\prims\jvm.cpp:1304
Event: 2.760 Thread 0x000000000a409000 Threw 0x00000000eddc76c8 at C:\re\jdk7u79\2331\hotspot\src\share\vm\prims\jvm.cpp:1304

Events (10 events):
Event: 3.053 Thread 0x000000000a409000 Thread exited: 0x000000000a409000
Event: 3.053 Thread 0x000000000a3a7800 Thread exited: 0x000000000a3a7800
Event: 3.054 loading class 0x0000000002a14c10
Event: 3.054 loading class 0x000000000a4f3b30
Event: 3.054 loading class 0x0000000002a14a90
Event: 3.054 loading class 0x0000000002a14a90 done
Event: 3.054 loading class 0x000000000a4f3b30 done
Event: 3.054 loading class 0x0000000002a14c10 done
Event: 3.054 loading class 0x0000000002a14be0
Event: 3.054 loading class 0x0000000002a14be0 done


Dynamic libraries:
0x00007ff620650000 - 0x00007ff620683000 	C:\Program Files\Java\jdk1.7.0_79\bin\java.exe
0x00007ffb7c7b0000 - 0x00007ffb7c95d000 	C:\Windows\SYSTEM32\ntdll.dll
0x00007ffb7c670000 - 0x00007ffb7c7ae000 	C:\Windows\system32\KERNEL32.DLL
0x00007ffb79b30000 - 0x00007ffb79c45000 	C:\Windows\system32\KERNELBASE.dll
0x00007ffb78490000 - 0x00007ffb7851e000 	C:\Windows\system32\apphelp.dll
0x00007ffb688e0000 - 0x00007ffb68933000 	C:\Windows\AppPatch\AppPatch64\AcGenral.DLL
0x00007ffb7c2f0000 - 0x00007ffb7c39a000 	C:\Windows\system32\msvcrt.dll
0x00007ffb799a0000 - 0x00007ffb799ce000 	C:\Windows\system32\SspiCli.dll
0x00007ffb7b7d0000 - 0x00007ffb7b824000 	C:\Windows\system32\SHLWAPI.dll
0x00007ffb7bb10000 - 0x00007ffb7bc87000 	C:\Windows\system32\USER32.dll
0x00007ffb7a100000 - 0x00007ffb7a294000 	C:\Windows\system32\ole32.dll
0x00007ffb7a2a0000 - 0x00007ffb7b7c8000 	C:\Windows\system32\SHELL32.dll
0x00007ffb78e90000 - 0x00007ffb78eb1000 	C:\Windows\SYSTEM32\USERENV.dll
0x00007ffb7c400000 - 0x00007ffb7c4aa000 	C:\Windows\system32\ADVAPI32.dll
0x00007ffb766f0000 - 0x00007ffb7670e000 	C:\Windows\SYSTEM32\MPR.dll
0x00007ffb7c0f0000 - 0x00007ffb7c230000 	C:\Windows\system32\RPCRT4.dll
0x00007ffb7a020000 - 0x00007ffb7a079000 	C:\Windows\SYSTEM32\sechost.dll
0x00007ffb7bd50000 - 0x00007ffb7bf61000 	C:\Windows\SYSTEM32\combase.dll
0x00007ffb7b980000 - 0x00007ffb7bacf000 	C:\Windows\system32\GDI32.dll
0x00007ffb798d0000 - 0x00007ffb798e5000 	C:\Windows\SYSTEM32\profapi.dll
0x00007ffb78120000 - 0x00007ffb781d2000 	C:\Windows\SYSTEM32\SHCORE.dll
0x00007ffb7bad0000 - 0x00007ffb7bb06000 	C:\Windows\system32\IMM32.DLL
0x00007ffb7bf90000 - 0x00007ffb7c0e2000 	C:\Windows\system32\MSCTF.dll
0x00007ffb77ca0000 - 0x00007ffb77f1b000 	C:\Windows\WinSxS\amd64_microsoft.windows.common-controls_6595b64144ccf1df_6.0.9600.18006_none_623f33d3ecbe86e8\COMCTL32.dll
0x0000000071750000 - 0x0000000071822000 	C:\Program Files\Java\jdk1.7.0_79\jre\bin\msvcr100.dll
0x0000000071be0000 - 0x00000000723b5000 	C:\Program Files\Java\jdk1.7.0_79\jre\bin\server\jvm.dll
0x00007ffb6ed20000 - 0x00007ffb6ed29000 	C:\Windows\SYSTEM32\WSOCK32.dll
0x00007ffb713b0000 - 0x00007ffb713d2000 	C:\Windows\SYSTEM32\WINMM.dll
0x00007ffb7a080000 - 0x00007ffb7a087000 	C:\Windows\system32\PSAPI.DLL
0x00007ffb7c3a0000 - 0x00007ffb7c3fa000 	C:\Windows\system32\WS2_32.dll
0x00007ffb71240000 - 0x00007ffb7126a000 	C:\Windows\SYSTEM32\WINMMBASE.dll
0x00007ffb7b970000 - 0x00007ffb7b979000 	C:\Windows\system32\NSI.dll
0x00007ffb79ae0000 - 0x00007ffb79b2f000 	C:\Windows\SYSTEM32\cfgmgr32.dll
0x00007ffb786e0000 - 0x00007ffb78708000 	C:\Windows\SYSTEM32\DEVOBJ.dll
0x0000000071bd0000 - 0x0000000071bdf000 	C:\Program Files\Java\jdk1.7.0_79\jre\bin\verify.dll
0x0000000071ba0000 - 0x0000000071bc8000 	C:\Program Files\Java\jdk1.7.0_79\jre\bin\java.dll
0x0000000071b80000 - 0x0000000071b95000 	C:\Program Files\Java\jdk1.7.0_79\jre\bin\zip.dll
0x0000000071b60000 - 0x0000000071b7a000 	C:\Program Files\Java\jdk1.7.0_79\jre\bin\net.dll
0x00007ffb790c0000 - 0x00007ffb79119000 	C:\Windows\system32\mswsock.dll
0x0000000071b40000 - 0x0000000071b51000 	C:\Program Files\Java\jdk1.7.0_79\jre\bin\nio.dll

VM Arguments:
jvm_args: -Djava.awt.headless=true -Xmx1024M -Dfile.encoding=x-windows-874 -Duser.country=US -Duser.language=en -Duser.variant 
java_command: com.android.dx.command.Main --dex --num-threads=4 --output D:\pro\VanGun\app\build\intermediates\pre-dexed\debug\com.google.firebase-firebase-auth-10.2.1_9333e1d29503b1f1a099bc7aeef56204bd176f54.jar D:\pro\VanGun\app\build\intermediates\exploded-aar\com.google.firebase\firebase-auth\10.2.1\jars\classes.jar
Launcher Type: SUN_STANDARD

Environment Variables:
PATH=C:\ProgramData\Oracle\Java\javapath;C:\Windows\system32;C:\Windows;C:\Windows\System32\Wbem;C:\Windows\System32\WindowsPowerShell\v1.0\;C:\Program Files (x86)\NVIDIA Corporation\PhysX\Common;C:\Program Files (x86)\QuickTime\QTSystem\;C:\Users\user\AppData\Local\atom\bin
USERNAME=user
OS=Windows_NT
PROCESSOR_IDENTIFIER=Intel64 Family 6 Model 58 Stepping 9, GenuineIntel



---------------  S Y S T E M  ---------------

OS: Windows 8.1 , 64 bit Build 9600 

CPU:total 4 (2 cores per cpu, 2 threads per core) family 6 model 58 stepping 9, cmov, cx8, fxsr, mmx, sse, sse2, sse3, ssse3, sse4.1, sse4.2, popcnt, avx, aes, erms, ht, tsc, tscinvbit, tscinv

Memory: 4k page, physical 8271456k(1245812k free), swap 11417184k(5204k free)

vm_info: Java HotSpot(TM) 64-Bit Server VM (24.79-b02) for windows-amd64 JRE (1.7.0_79-b15), built on Apr 10 2015 12:36:16 by "java_re" with unknown MS VC++:1600

time: Tue Apr 18 16:51:27 2017
elapsed time: 3 seconds

