#
# There is insufficient memory for the Java Runtime Environment to continue.
# Native memory allocation (malloc) failed to allocate 932176 bytes for Chunk::new
# Possible reasons:
#   The system is out of physical RAM or swap space
#   In 32 bit mode, the process size limit was hit
# Possible solutions:
#   Reduce memory load on the system
#   Increase physical memory or swap space
#   Check if swap backing store is full
#   Use 64 bit Java on a 64 bit OS
#   Decrease Java heap size (-Xmx/-Xms)
#   Decrease number of Java threads
#   Decrease Java thread stack sizes (-Xss)
#   Set larger code cache with -XX:ReservedCodeCacheSize=
# This output file may be truncated or incomplete.
#
#  Out of Memory Error (allocation.cpp:323), pid=5312, tid=7944
#
# JRE version: Java(TM) SE Runtime Environment (7.0_79-b15) (build 1.7.0_79-b15)
# Java VM: Java HotSpot(TM) 64-Bit Server VM (24.79-b02 mixed mode windows-amd64 compressed oops)
# Failed to write core dump. Minidumps are not enabled by default on client versions of Windows
#

---------------  T H R E A D  ---------------

Current thread (0x0000000008814800):  JavaThread "C2 CompilerThread0" daemon [_thread_in_native, id=7944, stack(0x0000000009dd0000,0x0000000009ed0000)]

Stack: [0x0000000009dd0000,0x0000000009ed0000]

Current CompileTask:
C2:   5388  389   !         com.android.dx.cf.code.RopperMachine::run (1550 bytes)


---------------  P R O C E S S  ---------------

Java Threads: ( => current thread )
  0x000000000a277800 JavaThread "pool-1-thread-4" [_thread_in_vm, id=7384, stack(0x000000000a9d0000,0x000000000aad0000)]
  0x000000000a273000 JavaThread "pool-1-thread-3" [_thread_in_vm, id=4760, stack(0x000000000a8d0000,0x000000000a9d0000)]
  0x000000000a35d000 JavaThread "pool-1-thread-2" [_thread_blocked, id=6648, stack(0x000000000a7d0000,0x000000000a8d0000)]
  0x000000000a35c000 JavaThread "pool-2-thread-1" [_thread_blocked, id=1244, stack(0x000000000a6d0000,0x000000000a7d0000)]
  0x000000000a361000 JavaThread "pool-1-thread-1" [_thread_in_vm, id=8176, stack(0x000000000a5d0000,0x000000000a6d0000)]
  0x0000000008830800 JavaThread "Service Thread" daemon [_thread_blocked, id=7004, stack(0x0000000009fd0000,0x000000000a0d0000)]
  0x0000000008821000 JavaThread "C2 CompilerThread1" daemon [_thread_in_native, id=7244, stack(0x0000000009ed0000,0x0000000009fd0000)]
=>0x0000000008814800 JavaThread "C2 CompilerThread0" daemon [_thread_in_native, id=7944, stack(0x0000000009dd0000,0x0000000009ed0000)]
  0x0000000008813800 JavaThread "Attach Listener" daemon [_thread_blocked, id=2392, stack(0x0000000009cd0000,0x0000000009dd0000)]
  0x0000000008810800 JavaThread "Signal Dispatcher" daemon [_thread_blocked, id=7888, stack(0x0000000009bd0000,0x0000000009cd0000)]
  0x00000000087d8800 JavaThread "Finalizer" daemon [_thread_blocked, id=432, stack(0x0000000009ab0000,0x0000000009bb0000)]
  0x00000000087d5000 JavaThread "Reference Handler" daemon [_thread_blocked, id=6972, stack(0x00000000099b0000,0x0000000009ab0000)]
  0x0000000002830800 JavaThread "main" [_thread_blocked, id=8048, stack(0x0000000002720000,0x0000000002820000)]

Other Threads:
  0x00000000087d1000 VMThread [stack: 0x00000000098b0000,0x00000000099b0000] [id=1472]
  0x000000000883a800 WatcherThread [stack: 0x000000000a0d0000,0x000000000a1d0000] [id=6900]

VM state:not at safepoint (normal execution)

VM Mutex/Monitor currently owned by a thread: None

Heap
 PSYoungGen      total 38400K, used 22627K [0x00000000eaa80000, 0x00000000ed500000, 0x0000000100000000)
  eden space 33280K, 52% used [0x00000000eaa80000,0x00000000ebba08e0,0x00000000ecb00000)
  from space 5120K, 99% used [0x00000000ecb00000,0x00000000ecff8710,0x00000000ed000000)
  to   space 5120K, 0% used [0x00000000ed000000,0x00000000ed000000,0x00000000ed500000)
 ParOldGen       total 86016K, used 11684K [0x00000000c0000000, 0x00000000c5400000, 0x00000000eaa80000)
  object space 86016K, 13% used [0x00000000c0000000,0x00000000c0b69228,0x00000000c5400000)
 PSPermGen       total 21504K, used 5962K [0x00000000bae00000, 0x00000000bc300000, 0x00000000c0000000)
  object space 21504K, 27% used [0x00000000bae00000,0x00000000bb3d2980,0x00000000bc300000)

Card table byte_map: [0x00000000059f0000,0x0000000005c20000] byte_map_base: 0x0000000005419000

Polling page: 0x0000000000fa0000

Code Cache  [0x0000000002930000, 0x0000000002ba0000, 0x0000000005930000)
 total_blobs=633 nmethods=397 adapters=188 free_code_cache=47526Kb largest_free_block=48612864

Compilation events (10 events):
Event: 5.232 Thread 0x0000000008821000 nmethod 395 0x0000000002ac59d0 code [0x0000000002ac5be0, 0x0000000002ac64c0]
Event: 5.232 Thread 0x0000000008821000  396             com.android.dx.cf.code.ValueAwareMachine::run (1142 bytes)
Event: 5.287 Thread 0x0000000008821000 nmethod 396 0x0000000002ac9850 code [0x0000000002aca320, 0x0000000002acba40]
Event: 5.288 Thread 0x0000000008821000  397             com.android.dx.cf.code.ExecutionStack::peek (42 bytes)
Event: 5.289 Thread 0x0000000008821000 nmethod 397 0x0000000002aa9710 code [0x0000000002aa9860, 0x0000000002aa9928]
Event: 5.289 Thread 0x0000000008821000  398             java.lang.String::<init> (67 bytes)
Event: 5.292 Thread 0x0000000008821000 nmethod 398 0x0000000002ac3ad0 code [0x0000000002ac3c20, 0x0000000002ac3e98]
Event: 5.292 Thread 0x0000000008821000  399             com.android.dx.ssa.ConstCollector::getConstsSortedByCountUse (386 bytes)
Event: 5.348 Thread 0x0000000008821000 nmethod 399 0x0000000002ad03d0 code [0x0000000002ad0700, 0x0000000002ad1ce8]
Event: 5.349 Thread 0x0000000008821000  400             com.android.dx.ssa.ConstCollector::updateConstUses (248 bytes)

GC Heap History (6 events):
Event: 4.149 GC heap before
{Heap before GC invocations=1 (full 0):
 PSYoungGen      total 38400K, used 33280K [0x00000000eaa80000, 0x00000000ed500000, 0x0000000100000000)
  eden space 33280K, 100% used [0x00000000eaa80000,0x00000000ecb00000,0x00000000ecb00000)
  from space 5120K, 0% used [0x00000000ed000000,0x00000000ed000000,0x00000000ed500000)
  to   space 5120K, 0% used [0x00000000ecb00000,0x00000000ecb00000,0x00000000ed000000)
 ParOldGen       total 86016K, used 0K [0x00000000c0000000, 0x00000000c5400000, 0x00000000eaa80000)
  object space 86016K, 0% used [0x00000000c0000000,0x00000000c0000000,0x00000000c5400000)
 PSPermGen       total 21504K, used 5860K [0x00000000bae00000, 0x00000000bc300000, 0x00000000c0000000)
  object space 21504K, 27% used [0x00000000bae00000,0x00000000bb3b9318,0x00000000bc300000)
Event: 4.167 GC heap after
Heap after GC invocations=1 (full 0):
 PSYoungGen      total 38400K, used 5102K [0x00000000eaa80000, 0x00000000ed500000, 0x0000000100000000)
  eden space 33280K, 0% used [0x00000000eaa80000,0x00000000eaa80000,0x00000000ecb00000)
  from space 5120K, 99% used [0x00000000ecb00000,0x00000000ecffb888,0x00000000ed000000)
  to   space 5120K, 0% used [0x00000000ed000000,0x00000000ed000000,0x00000000ed500000)
 ParOldGen       total 86016K, used 2108K [0x00000000c0000000, 0x00000000c5400000, 0x00000000eaa80000)
  object space 86016K, 2% used [0x00000000c0000000,0x00000000c020f068,0x00000000c5400000)
 PSPermGen       total 21504K, used 5860K [0x00000000bae00000, 0x00000000bc300000, 0x00000000c0000000)
  object space 21504K, 27% used [0x00000000bae00000,0x00000000bb3b9318,0x00000000bc300000)
}
Event: 4.790 GC heap before
{Heap before GC invocations=2 (full 0):
 PSYoungGen      total 38400K, used 38382K [0x00000000eaa80000, 0x00000000ed500000, 0x0000000100000000)
  eden space 33280K, 100% used [0x00000000eaa80000,0x00000000ecb00000,0x00000000ecb00000)
  from space 5120K, 99% used [0x00000000ecb00000,0x00000000ecffb888,0x00000000ed000000)
  to   space 5120K, 0% used [0x00000000ed000000,0x00000000ed000000,0x00000000ed500000)
 ParOldGen       total 86016K, used 2108K [0x00000000c0000000, 0x00000000c5400000, 0x00000000eaa80000)
  object space 86016K, 2% used [0x00000000c0000000,0x00000000c020f068,0x00000000c5400000)
 PSPermGen       total 21504K, used 5926K [0x00000000bae00000, 0x00000000bc300000, 0x00000000c0000000)
  object space 21504K, 27% used [0x00000000bae00000,0x00000000bb3c9970,0x00000000bc300000)
Event: 4.817 GC heap after
Heap after GC invocations=2 (full 0):
 PSYoungGen      total 38400K, used 5102K [0x00000000eaa80000, 0x00000000ed500000, 0x0000000100000000)
  eden space 33280K, 0% used [0x00000000eaa80000,0x00000000eaa80000,0x00000000ecb00000)
  from space 5120K, 99% used [0x00000000ed000000,0x00000000ed4fb888,0x00000000ed500000)
  to   space 5120K, 0% used [0x00000000ecb00000,0x00000000ecb00000,0x00000000ed000000)
 ParOldGen       total 86016K, used 6155K [0x00000000c0000000, 0x00000000c5400000, 0x00000000eaa80000)
  object space 86016K, 7% used [0x00000000c0000000,0x00000000c0602ee0,0x00000000c5400000)
 PSPermGen       total 21504K, used 5926K [0x00000000bae00000, 0x00000000bc300000, 0x00000000c0000000)
  object space 21504K, 27% used [0x00000000bae00000,0x00000000bb3c9970,0x00000000bc300000)
}
Event: 5.163 GC heap before
{Heap before GC invocations=3 (full 0):
 PSYoungGen      total 38400K, used 38382K [0x00000000eaa80000, 0x00000000ed500000, 0x0000000100000000)
  eden space 33280K, 100% used [0x00000000eaa80000,0x00000000ecb00000,0x00000000ecb00000)
  from space 5120K, 99% used [0x00000000ed000000,0x00000000ed4fb888,0x00000000ed500000)
  to   space 5120K, 0% used [0x00000000ecb00000,0x00000000ecb00000,0x00000000ed000000)
 ParOldGen       total 86016K, used 6155K [0x00000000c0000000, 0x00000000c5400000, 0x00000000eaa80000)
  object space 86016K, 7% used [0x00000000c0000000,0x00000000c0602ee0,0x00000000c5400000)
 PSPermGen       total 21504K, used 5956K [0x00000000bae00000, 0x00000000bc300000, 0x00000000c0000000)
  object space 21504K, 27% used [0x00000000bae00000,0x00000000bb3d1248,0x00000000bc300000)
Event: 5.184 GC heap after
Heap after GC invocations=3 (full 0):
 PSYoungGen      total 38400K, used 5089K [0x00000000eaa80000, 0x00000000ed500000, 0x0000000100000000)
  eden space 33280K, 0% used [0x00000000eaa80000,0x00000000eaa80000,0x00000000ecb00000)
  from space 5120K, 99% used [0x00000000ecb00000,0x00000000ecff8710,0x00000000ed000000)
  to   space 5120K, 0% used [0x00000000ed000000,0x00000000ed000000,0x00000000ed500000)
 ParOldGen       total 86016K, used 11684K [0x00000000c0000000, 0x00000000c5400000, 0x00000000eaa80000)
  object space 86016K, 13% used [0x00000000c0000000,0x00000000c0b69228,0x00000000c5400000)
 PSPermGen       total 21504K, used 5956K [0x00000000bae00000, 0x00000000bc300000, 0x00000000c0000000)
  object space 21504K, 27% used [0x00000000bae00000,0x00000000bb3d1248,0x00000000bc300000)
}

Deoptimization events (10 events):
Event: 4.903 Thread 0x0000000002830800 Uncommon trap: reason=bimorphic action=maybe_recompile pc=0x0000000002a71160 method=com.android.dx.ssa.SCCP.setLatticeValueTo(IILcom/android/dx/rop/cst/Constant;)Z @ 43
Event: 4.903 Thread 0x0000000002830800 Uncommon trap: reason=bimorphic action=maybe_recompile pc=0x0000000002a71160 method=com.android.dx.ssa.SCCP.setLatticeValueTo(IILcom/android/dx/rop/cst/Constant;)Z @ 43
Event: 4.903 Thread 0x0000000002830800 Uncommon trap: reason=bimorphic action=maybe_recompile pc=0x0000000002a71160 method=com.android.dx.ssa.SCCP.setLatticeValueTo(IILcom/android/dx/rop/cst/Constant;)Z @ 43
Event: 4.993 Thread 0x000000000a273000 Uncommon trap: reason=bimorphic action=maybe_recompile pc=0x0000000002a95744 method=com.android.dx.cf.code.BytecodeArray.parseInstruction(ILcom/android/dx/cf/code/BytecodeArray$Visitor;)I @ 2484
Event: 4.994 Thread 0x000000000a273000 Uncommon trap: reason=bimorphic action=maybe_recompile pc=0x0000000002a95744 method=com.android.dx.cf.code.BytecodeArray.parseInstruction(ILcom/android/dx/cf/code/BytecodeArray$Visitor;)I @ 2484
Event: 5.119 Thread 0x000000000a35d000 Uncommon trap: reason=bimorphic action=maybe_recompile pc=0x0000000002a96548 method=com.android.dx.cf.code.BytecodeArray.parseInstruction(ILcom/android/dx/cf/code/BytecodeArray$Visitor;)I @ 1130
Event: 5.119 Thread 0x000000000a35d000 Uncommon trap: reason=bimorphic action=maybe_recompile pc=0x0000000002a96548 method=com.android.dx.cf.code.BytecodeArray.parseInstruction(ILcom/android/dx/cf/code/BytecodeArray$Visitor;)I @ 1130
Event: 5.144 Thread 0x000000000a273000 Uncommon trap: reason=unreached action=reinterpret pc=0x0000000002a4112c method=com.android.dx.ssa.MoveParamCombiner$1.visitNonMoveInsn(Lcom/android/dx/ssa/NormalSsaInsn;)V @ 27
Event: 5.219 Thread 0x000000000a361000 Uncommon trap: reason=unreached action=reinterpret pc=0x0000000002a6c788 method=com.android.dx.cf.code.Merger.mergeLocals(Lcom/android/dx/cf/code/OneLocalsArray;Lcom/android/dx/cf/code/OneLocalsArray;)Lcom/android/dx/cf/code/OneLocalsArray; @ 2
Event: 5.223 Thread 0x000000000a361000 Uncommon trap: reason=unreached action=reinterpret pc=0x0000000002a85e14 method=com.android.dx.ssa.PhiTypeResolver.resolveResultType(Lcom/android/dx/ssa/PhiInsn;)Z @ 64

Internal exceptions (10 events):
Event: 2.588 Thread 0x000000000a273000 Threw 0x00000000eb6b0c80 at C:\re\jdk7u79\2331\hotspot\src\share\vm\prims\jvm.cpp:1304
Event: 2.595 Thread 0x0000000002830800 Threw 0x00000000eb587f20 at C:\re\jdk7u79\2331\hotspot\src\share\vm\prims\jvm.cpp:1304
Event: 2.957 Thread 0x000000000a35d000 Threw 0x00000000eb9e5660 at C:\re\jdk7u79\2331\hotspot\src\share\vm\prims\jvm.cpp:1304
Event: 3.540 Thread 0x000000000a361000 Threw 0x00000000ec27bd48 at C:\re\jdk7u79\2331\hotspot\src\share\vm\prims\jvm.cpp:1304
Event: 3.549 Thread 0x000000000a361000 Threw 0x00000000ec281550 at C:\re\jdk7u79\2331\hotspot\src\share\vm\prims\jvm.cpp:1304
Event: 3.550 Thread 0x000000000a361000 Threw 0x00000000ec286b40 at C:\re\jdk7u79\2331\hotspot\src\share\vm\prims\jvm.cpp:1304
Event: 4.495 Thread 0x000000000a35d000 Threw 0x00000000eb86db78 at C:\re\jdk7u79\2331\hotspot\src\share\vm\prims\jvm.cpp:1304
Event: 4.704 Thread 0x0000000002830800 Threw 0x00000000ebf11610 at C:\re\jdk7u79\2331\hotspot\src\share\vm\prims\jvm.cpp:1304
Event: 5.197 Thread 0x000000000a35d000 Threw 0x00000000ead24e10 at C:\re\jdk7u79\2331\hotspot\src\share\vm\prims\jvm.cpp:1304
Event: 5.223 Thread 0x000000000a361000 Implicit null exception at 0x0000000002a84fca to 0x0000000002a85dd3

Events (10 events):
Event: 5.184 Executing VM operation: ParallelGCFailedAllocation done
Event: 5.189 Thread 0x0000000008814800 flushing nmethod 0x00000000029ab090
Event: 5.197 loading class 0x000000000a3915a0
Event: 5.197 loading class 0x000000000a3915a0 done
Event: 5.219 Thread 0x000000000a361000 Uncommon trap: trap_request=0xffffffad fr.pc=0x0000000002a6c788
Event: 5.219 Thread 0x000000000a361000 DEOPT PACKING pc=0x0000000002a6c788 sp=0x000000000a6ce800
Event: 5.219 Thread 0x000000000a361000 DEOPT UNPACKING pc=0x00000000029675a4 sp=0x000000000a6ce7d0 mode 2
Event: 5.223 Thread 0x000000000a361000 Uncommon trap: trap_request=0xffffffad fr.pc=0x0000000002a85e14
Event: 5.223 Thread 0x000000000a361000 DEOPT PACKING pc=0x0000000002a85e14 sp=0x000000000a6ce9d0
Event: 5.223 Thread 0x000000000a361000 DEOPT UNPACKING pc=0x00000000029675a4 sp=0x000000000a6ce8e8 mode 2


Dynamic libraries:
0x00007ff620650000 - 0x00007ff620683000 	C:\Program Files\Java\jdk1.7.0_79\bin\java.exe
0x00007ffb7c7b0000 - 0x00007ffb7c95d000 	C:\Windows\SYSTEM32\ntdll.dll
0x00007ffb7c670000 - 0x00007ffb7c7ae000 	C:\Windows\system32\KERNEL32.DLL
0x00007ffb79b30000 - 0x00007ffb79c45000 	C:\Windows\system32\KERNELBASE.dll
0x00007ffb78490000 - 0x00007ffb7851e000 	C:\Windows\system32\apphelp.dll
0x00007ffb688e0000 - 0x00007ffb68933000 	C:\Windows\AppPatch\AppPatch64\AcGenral.DLL
0x00007ffb7c2f0000 - 0x00007ffb7c39a000 	C:\Windows\system32\msvcrt.dll
0x00007ffb799a0000 - 0x00007ffb799ce000 	C:\Windows\system32\SspiCli.dll
0x00007ffb7b7d0000 - 0x00007ffb7b824000 	C:\Windows\system32\SHLWAPI.dll
0x00007ffb7bb10000 - 0x00007ffb7bc87000 	C:\Windows\system32\USER32.dll
0x00007ffb7a100000 - 0x00007ffb7a294000 	C:\Windows\system32\ole32.dll
0x00007ffb7a2a0000 - 0x00007ffb7b7c8000 	C:\Windows\system32\SHELL32.dll
0x00007ffb78e90000 - 0x00007ffb78eb1000 	C:\Windows\SYSTEM32\USERENV.dll
0x00007ffb7c400000 - 0x00007ffb7c4aa000 	C:\Windows\system32\ADVAPI32.dll
0x00007ffb766f0000 - 0x00007ffb7670e000 	C:\Windows\SYSTEM32\MPR.dll
0x00007ffb7c0f0000 - 0x00007ffb7c230000 	C:\Windows\system32\RPCRT4.dll
0x00007ffb7a020000 - 0x00007ffb7a079000 	C:\Windows\SYSTEM32\sechost.dll
0x00007ffb7bd50000 - 0x00007ffb7bf61000 	C:\Windows\SYSTEM32\combase.dll
0x00007ffb7b980000 - 0x00007ffb7bacf000 	C:\Windows\system32\GDI32.dll
0x00007ffb798d0000 - 0x00007ffb798e5000 	C:\Windows\SYSTEM32\profapi.dll
0x00007ffb78120000 - 0x00007ffb781d2000 	C:\Windows\SYSTEM32\SHCORE.dll
0x00007ffb7bad0000 - 0x00007ffb7bb06000 	C:\Windows\system32\IMM32.DLL
0x00007ffb7bf90000 - 0x00007ffb7c0e2000 	C:\Windows\system32\MSCTF.dll
0x00007ffb77ca0000 - 0x00007ffb77f1b000 	C:\Windows\WinSxS\amd64_microsoft.windows.common-controls_6595b64144ccf1df_6.0.9600.18006_none_623f33d3ecbe86e8\COMCTL32.dll
0x0000000071750000 - 0x0000000071822000 	C:\Program Files\Java\jdk1.7.0_79\jre\bin\msvcr100.dll
0x0000000071be0000 - 0x00000000723b5000 	C:\Program Files\Java\jdk1.7.0_79\jre\bin\server\jvm.dll
0x00007ffb6ed20000 - 0x00007ffb6ed29000 	C:\Windows\SYSTEM32\WSOCK32.dll
0x00007ffb713b0000 - 0x00007ffb713d2000 	C:\Windows\SYSTEM32\WINMM.dll
0x00007ffb7a080000 - 0x00007ffb7a087000 	C:\Windows\system32\PSAPI.DLL
0x00007ffb7c3a0000 - 0x00007ffb7c3fa000 	C:\Windows\system32\WS2_32.dll
0x00007ffb71240000 - 0x00007ffb7126a000 	C:\Windows\SYSTEM32\WINMMBASE.dll
0x00007ffb7b970000 - 0x00007ffb7b979000 	C:\Windows\system32\NSI.dll
0x00007ffb79ae0000 - 0x00007ffb79b2f000 	C:\Windows\SYSTEM32\cfgmgr32.dll
0x00007ffb786e0000 - 0x00007ffb78708000 	C:\Windows\SYSTEM32\DEVOBJ.dll
0x0000000071bd0000 - 0x0000000071bdf000 	C:\Program Files\Java\jdk1.7.0_79\jre\bin\verify.dll
0x0000000071ba0000 - 0x0000000071bc8000 	C:\Program Files\Java\jdk1.7.0_79\jre\bin\java.dll
0x0000000071b80000 - 0x0000000071b95000 	C:\Program Files\Java\jdk1.7.0_79\jre\bin\zip.dll
0x0000000071b60000 - 0x0000000071b7a000 	C:\Program Files\Java\jdk1.7.0_79\jre\bin\net.dll
0x00007ffb790c0000 - 0x00007ffb79119000 	C:\Windows\system32\mswsock.dll
0x0000000071b40000 - 0x0000000071b51000 	C:\Program Files\Java\jdk1.7.0_79\jre\bin\nio.dll

VM Arguments:
jvm_args: -Djava.awt.headless=true -Xmx1024M -Dfile.encoding=x-windows-874 -Duser.country=US -Duser.language=en -Duser.variant 
java_command: com.android.dx.command.Main --dex --num-threads=4 --output D:\pro\VanGun\app\build\intermediates\pre-dexed\debug\com.google.firebase-firebase-analytics-impl-10.2.1_04f368c7144524dd47f5f850760e1e0d4f995ca1.jar D:\pro\VanGun\app\build\intermediates\exploded-aar\com.google.firebase\firebase-analytics-impl\10.2.1\jars\classes.jar
Launcher Type: SUN_STANDARD

Environment Variables:
PATH=C:\ProgramData\Oracle\Java\javapath;C:\Windows\system32;C:\Windows;C:\Windows\System32\Wbem;C:\Windows\System32\WindowsPowerShell\v1.0\;C:\Program Files (x86)\NVIDIA Corporation\PhysX\Common;C:\Program Files (x86)\QuickTime\QTSystem\;C:\Users\user\AppData\Local\atom\bin
USERNAME=user
OS=Windows_NT
PROCESSOR_IDENTIFIER=Intel64 Family 6 Model 58 Stepping 9, GenuineIntel



---------------  S Y S T E M  ---------------

OS: Windows 8.1 , 64 bit Build 9600 

CPU:total 4 (2 cores per cpu, 2 threads per core) family 6 model 58 stepping 9, cmov, cx8, fxsr, mmx, sse, sse2, sse3, ssse3, sse4.1, sse4.2, popcnt, avx, aes, erms, ht, tsc, tscinvbit, tscinv

Memory: 4k page, physical 8271456k(1138700k free), swap 11417184k(7504k free)

vm_info: Java HotSpot(TM) 64-Bit Server VM (24.79-b02) for windows-amd64 JRE (1.7.0_79-b15), built on Apr 10 2015 12:36:16 by "java_re" with unknown MS VC++:1600

time: Tue Apr 18 16:53:58 2017
elapsed time: 5 seconds

